[1.159s] Invoking command in '/media/yalin/m2/workspace/carla-ros-bridge/catkin_ws/build/rviz_carla_plugin': AMENT_PREFIX_PATH=/media/yalin/m2/workspace/carla-ros-bridge/catkin_ws/install/carla_ros_scenario_runner_types:/media/yalin/m2/workspace/carla-ros-bridge/catkin_ws/install/carla_msgs:${AMENT_PREFIX_PATH} CMAKE_PREFIX_PATH=/media/yalin/m2/workspace/carla-ros-bridge/catkin_ws/install/carla_ros_scenario_runner_types:/media/yalin/m2/workspace/carla-ros-bridge/catkin_ws/install/carla_msgs:/home/yalin/workspace/ros2-robot-control/bumperbot_ws/install/bumperbot_cpp_examples:/home/yalin/workspace/ros2-robot-control/bumperbot_ws/install/bumperbot_msgs:/home/yalin/workspace/ros2-robot-control/bumperbot_ws/install/bumperbot_localization:/home/yalin/workspace/ros2-robot-control/bumperbot_ws/install/bumperbot_description:/home/yalin/workspace/ros2-robot-control/bumperbot_ws/install/bumperbot_controller:/home/yalin/workspace/ros2-robot-control/bumperbot_ws/install/bumperbot_py_examples:/opt/ros/humble LD_LIBRARY_PATH=/media/yalin/m2/workspace/carla-ros-bridge/catkin_ws/install/carla_ros_scenario_runner_types/lib:/media/yalin/m2/workspace/carla-ros-bridge/catkin_ws/install/carla_msgs/lib:${LD_LIBRARY_PATH} PYTHONPATH=/media/yalin/m2/workspace/carla-ros-bridge/catkin_ws/install/carla_ros_scenario_runner_types/local/lib/python3.10/dist-packages:/media/yalin/m2/workspace/carla-ros-bridge/catkin_ws/install/carla_msgs/local/lib/python3.10/dist-packages:${PYTHONPATH} /usr/bin/cmake /media/yalin/m2/workspace/carla-ros-bridge/catkin_ws/src/carla_ros/rviz_carla_plugin -DAMENT_CMAKE_SYMLINK_INSTALL=1 -DCMAKE_INSTALL_PREFIX=/media/yalin/m2/workspace/carla-ros-bridge/catkin_ws/install/rviz_carla_plugin
[1.240s] -- The C compiler identification is GNU 11.4.0
[1.330s] -- The CXX compiler identification is GNU 11.4.0
[1.339s] -- Detecting C compiler ABI info
[1.420s] -- Detecting C compiler ABI info - done
[1.427s] -- Check for working C compiler: /usr/bin/cc - skipped
[1.427s] -- Detecting C compile features
[1.427s] -- Detecting C compile features - done
[1.430s] -- Detecting CXX compiler ABI info
[1.538s] -- Detecting CXX compiler ABI info - done
[1.547s] -- Check for working CXX compiler: /usr/bin/c++ - skipped
[1.547s] -- Detecting CXX compile features
[1.548s] -- Detecting CXX compile features - done
[1.552s] -- Found ros_environment: 3.2.2 (/opt/ros/humble/share/ros_environment/cmake)
[1.556s] -- Found ament_cmake: 1.3.9 (/opt/ros/humble/share/ament_cmake/cmake)
[1.723s] -- Found Python3: /usr/bin/python3 (found version "3.10.12") found components: Interpreter 
[1.787s] -- Override CMake install command with custom implementation using symlinks instead of copying resources
[1.864s] -- Found rviz_common: 11.2.12 (/opt/ros/humble/share/rviz_common/cmake)
[1.951s] -- Setting OGRE_DIR to: '/opt/ros/humble/share/rviz_ogre_vendor/cmake/../../../opt/rviz_ogre_vendor/lib/OGRE/cmake'
[1.954s] -- Found OGRE
[1.954s] --   static     : OFF
[1.954s] --   components : HLMS;MeshLodGenerator;Overlay;Paging;Property;RTShaderSystem;Terrain;Volume
[1.955s] --   plugins    : Plugin_BSPSceneManager;Plugin_OctreeSceneManager;Plugin_PCZSceneManager;Plugin_ParticleFX;RenderSystem_GL;RenderSystem_GL3Plus;Codec_STBI
[1.955s] --   media      : /opt/ros/humble/opt/rviz_ogre_vendor/share/OGRE/Media
[1.955s] -- OGRE_LIBRARIES: OgreHLMS;OgreMeshLodGenerator;OgreOverlay;OgrePaging;OgreProperty;OgreRTShaderSystem;OgreTerrain;OgreVolume;OgreMain
[1.955s] -- OGRE_LIBRARY_DIRS: /opt/ros/humble/opt/rviz_ogre_vendor/lib
[1.955s] -- OGRE_PLUGINS: Plugin_BSPSceneManager;Plugin_OctreeSceneManager;Plugin_PCZSceneManager;Plugin_ParticleFX;RenderSystem_GL;RenderSystem_GL3Plus;Codec_STBI
[1.955s] -- OGRE_PLUGIN_DIR: /opt/ros/humble/opt/rviz_ogre_vendor/lib/OGRE
[1.955s] -- rviz_ogre_vendor::OgreOverlay for IMPORTED_LOCATION_RELEASE: /opt/ros/humble/opt/rviz_ogre_vendor/lib/libOgreOverlay.so
[1.955s] -- rviz_ogre_vendor::OgreOverlay for IMPORTED_LOCATION_DEBUG: /opt/ros/humble/opt/rviz_ogre_vendor/lib/libOgreOverlay.so
[1.955s] -- rviz_ogre_vendor::OgreMain for IMPORTED_LOCATION_RELEASE: /opt/ros/humble/opt/rviz_ogre_vendor/lib/libOgreMain.so
[1.955s] -- rviz_ogre_vendor::OgreMain for IMPORTED_LOCATION_DEBUG: /opt/ros/humble/opt/rviz_ogre_vendor/lib/libOgreMain.so
[1.991s] -- Found ZLIB: /usr/lib/x86_64-linux-gnu/libz.so (found version "1.2.11") 
[1.998s] -- Found OpenGL: /usr/lib/x86_64-linux-gnu/libOpenGL.so   
[2.126s] -- Found X11: /usr/include   
[2.127s] -- Looking for XOpenDisplay in /usr/lib/x86_64-linux-gnu/libX11.so;/usr/lib/x86_64-linux-gnu/libXext.so
[2.217s] -- Looking for XOpenDisplay in /usr/lib/x86_64-linux-gnu/libX11.so;/usr/lib/x86_64-linux-gnu/libXext.so - found
[2.217s] -- Looking for gethostbyname
[2.296s] -- Looking for gethostbyname - found
[2.296s] -- Looking for connect
[2.375s] -- Looking for connect - found
[2.375s] -- Looking for remove
[2.462s] -- Looking for remove - found
[2.462s] -- Looking for shmat
[2.537s] -- Looking for shmat - found
[2.537s] -- Looking for IceConnectionNumber in ICE
[2.615s] -- Looking for IceConnectionNumber in ICE - found
[2.617s] -- rviz_ogre_vendor::RenderSystem_GL for IMPORTED_LOCATION_RELEASE: _render_system_gl_static_library_abs-NOTFOUND
[2.617s] -- rviz_ogre_vendor::RenderSystem_GL for IMPORTED_LOCATION_DEBUG: _render_system_gl_static_library_abs-NOTFOUND
[2.767s] -- library: /usr/lib/x86_64-linux-gnu/libcurl.so
[2.846s] -- Found rosidl_generator_c: 3.1.5 (/opt/ros/humble/share/rosidl_generator_c/cmake)
[2.854s] -- Found rosidl_adapter: 3.1.5 (/opt/ros/humble/share/rosidl_adapter/cmake)
[2.866s] -- Found rosidl_generator_cpp: 3.1.5 (/opt/ros/humble/share/rosidl_generator_cpp/cmake)
[2.884s] -- Using all available rosidl_typesupport_c: rosidl_typesupport_fastrtps_c;rosidl_typesupport_introspection_c
[2.910s] -- Using all available rosidl_typesupport_cpp: rosidl_typesupport_fastrtps_cpp;rosidl_typesupport_introspection_cpp
[3.188s] -- Found rmw_implementation_cmake: 6.1.2 (/opt/ros/humble/share/rmw_implementation_cmake/cmake)
[3.194s] -- Found rmw_fastrtps_cpp: 6.2.6 (/opt/ros/humble/share/rmw_fastrtps_cpp/cmake)
[3.251s] -- Found TinyXML2 via Config file: TinyXML2_DIR-NOTFOUND
[3.349s] -- Found OpenSSL: /usr/lib/x86_64-linux-gnu/libcrypto.so (found version "3.0.2")  
[3.352s] -- Found TinyXML2 via Config file: TinyXML2_DIR-NOTFOUND
[3.374s] -- Found FastRTPS: /opt/ros/humble/include  
[3.394s] -- Found TinyXML2 via Config file: TinyXML2_DIR-NOTFOUND
[3.409s] -- Found TinyXML2 via Config file: TinyXML2_DIR-NOTFOUND
[3.425s] -- Using RMW implementation 'rmw_fastrtps_cpp' as default
[3.444s] -- Looking for pthread.h
[3.538s] -- Looking for pthread.h - found
[3.538s] -- Performing Test CMAKE_HAVE_LIBC_PTHREAD
[3.624s] -- Performing Test CMAKE_HAVE_LIBC_PTHREAD - Success
[3.625s] -- Found Threads: TRUE  
[3.942s] -- Found Eigen3: TRUE (found version "3.4.0") 
[3.942s] -- Ensuring Eigen3 include directory is part of orocos-kdl CMake target
[4.504s] -- Found carla_msgs: 1.3.0 (/media/yalin/m2/workspace/carla-ros-bridge/catkin_ws/install/carla_msgs/share/carla_msgs/cmake)
[4.658s] -- Found nav_msgs: 4.2.4 (/opt/ros/humble/share/nav_msgs/cmake)
[4.750s] -- Found carla_ros_scenario_runner_types: 0.1.0 (/media/yalin/m2/workspace/carla-ros-bridge/catkin_ws/install/carla_ros_scenario_runner_types/share/carla_ros_scenario_runner_types/cmake)
[4.959s] -- Configuring done
[5.057s] -- Generating done
[5.062s] -- Build files have been written to: /media/yalin/m2/workspace/carla-ros-bridge/catkin_ws/build/rviz_carla_plugin
[5.088s] Invoked command in '/media/yalin/m2/workspace/carla-ros-bridge/catkin_ws/build/rviz_carla_plugin' returned '0': AMENT_PREFIX_PATH=/media/yalin/m2/workspace/carla-ros-bridge/catkin_ws/install/carla_ros_scenario_runner_types:/media/yalin/m2/workspace/carla-ros-bridge/catkin_ws/install/carla_msgs:${AMENT_PREFIX_PATH} CMAKE_PREFIX_PATH=/media/yalin/m2/workspace/carla-ros-bridge/catkin_ws/install/carla_ros_scenario_runner_types:/media/yalin/m2/workspace/carla-ros-bridge/catkin_ws/install/carla_msgs:/home/yalin/workspace/ros2-robot-control/bumperbot_ws/install/bumperbot_cpp_examples:/home/yalin/workspace/ros2-robot-control/bumperbot_ws/install/bumperbot_msgs:/home/yalin/workspace/ros2-robot-control/bumperbot_ws/install/bumperbot_localization:/home/yalin/workspace/ros2-robot-control/bumperbot_ws/install/bumperbot_description:/home/yalin/workspace/ros2-robot-control/bumperbot_ws/install/bumperbot_controller:/home/yalin/workspace/ros2-robot-control/bumperbot_ws/install/bumperbot_py_examples:/opt/ros/humble LD_LIBRARY_PATH=/media/yalin/m2/workspace/carla-ros-bridge/catkin_ws/install/carla_ros_scenario_runner_types/lib:/media/yalin/m2/workspace/carla-ros-bridge/catkin_ws/install/carla_msgs/lib:${LD_LIBRARY_PATH} PYTHONPATH=/media/yalin/m2/workspace/carla-ros-bridge/catkin_ws/install/carla_ros_scenario_runner_types/local/lib/python3.10/dist-packages:/media/yalin/m2/workspace/carla-ros-bridge/catkin_ws/install/carla_msgs/local/lib/python3.10/dist-packages:${PYTHONPATH} /usr/bin/cmake /media/yalin/m2/workspace/carla-ros-bridge/catkin_ws/src/carla_ros/rviz_carla_plugin -DAMENT_CMAKE_SYMLINK_INSTALL=1 -DCMAKE_INSTALL_PREFIX=/media/yalin/m2/workspace/carla-ros-bridge/catkin_ws/install/rviz_carla_plugin
[5.094s] Invoking command in '/media/yalin/m2/workspace/carla-ros-bridge/catkin_ws/build/rviz_carla_plugin': AMENT_PREFIX_PATH=/media/yalin/m2/workspace/carla-ros-bridge/catkin_ws/install/carla_ros_scenario_runner_types:/media/yalin/m2/workspace/carla-ros-bridge/catkin_ws/install/carla_msgs:${AMENT_PREFIX_PATH} CMAKE_PREFIX_PATH=/media/yalin/m2/workspace/carla-ros-bridge/catkin_ws/install/carla_ros_scenario_runner_types:/media/yalin/m2/workspace/carla-ros-bridge/catkin_ws/install/carla_msgs:/home/yalin/workspace/ros2-robot-control/bumperbot_ws/install/bumperbot_cpp_examples:/home/yalin/workspace/ros2-robot-control/bumperbot_ws/install/bumperbot_msgs:/home/yalin/workspace/ros2-robot-control/bumperbot_ws/install/bumperbot_localization:/home/yalin/workspace/ros2-robot-control/bumperbot_ws/install/bumperbot_description:/home/yalin/workspace/ros2-robot-control/bumperbot_ws/install/bumperbot_controller:/home/yalin/workspace/ros2-robot-control/bumperbot_ws/install/bumperbot_py_examples:/opt/ros/humble LD_LIBRARY_PATH=/media/yalin/m2/workspace/carla-ros-bridge/catkin_ws/install/carla_ros_scenario_runner_types/lib:/media/yalin/m2/workspace/carla-ros-bridge/catkin_ws/install/carla_msgs/lib:${LD_LIBRARY_PATH} PYTHONPATH=/media/yalin/m2/workspace/carla-ros-bridge/catkin_ws/install/carla_ros_scenario_runner_types/local/lib/python3.10/dist-packages:/media/yalin/m2/workspace/carla-ros-bridge/catkin_ws/install/carla_msgs/local/lib/python3.10/dist-packages:${PYTHONPATH} /usr/bin/cmake --build /media/yalin/m2/workspace/carla-ros-bridge/catkin_ws/build/rviz_carla_plugin -- -j16 -l16
[5.245s] [ 12%] [34m[1mAutomatic MOC for target rviz_carla_plugin[0m
[6.100s] [ 12%] Built target rviz_carla_plugin_autogen
[6.112s] [ 25%] [34m[1mGenerating qrc_rviz_carla_plugin.cpp[0m
[6.141s] [ 37%] [32mBuilding CXX object CMakeFiles/rviz_carla_plugin.dir/rviz_carla_plugin_autogen/mocs_compilation.cpp.o[0m
[6.142s] [ 50%] [32mBuilding CXX object CMakeFiles/rviz_carla_plugin.dir/src/drive_widget.cpp.o[0m
[6.142s] [ 62%] [32mBuilding CXX object CMakeFiles/rviz_carla_plugin.dir/src/carla_control_panel_ROS2.cpp.o[0m
[6.143s] [ 75%] [32mBuilding CXX object CMakeFiles/rviz_carla_plugin.dir/src/indicator_widget.cpp.o[0m
[6.143s] [ 87%] [32mBuilding CXX object CMakeFiles/rviz_carla_plugin.dir/qrc_rviz_carla_plugin.cpp.o[0m
[26.951s] [100%] [32m[1mLinking CXX shared library librviz_carla_plugin.so[0m
[30.968s] [100%] Built target rviz_carla_plugin
[31.006s] Invoked command in '/media/yalin/m2/workspace/carla-ros-bridge/catkin_ws/build/rviz_carla_plugin' returned '0': AMENT_PREFIX_PATH=/media/yalin/m2/workspace/carla-ros-bridge/catkin_ws/install/carla_ros_scenario_runner_types:/media/yalin/m2/workspace/carla-ros-bridge/catkin_ws/install/carla_msgs:${AMENT_PREFIX_PATH} CMAKE_PREFIX_PATH=/media/yalin/m2/workspace/carla-ros-bridge/catkin_ws/install/carla_ros_scenario_runner_types:/media/yalin/m2/workspace/carla-ros-bridge/catkin_ws/install/carla_msgs:/home/yalin/workspace/ros2-robot-control/bumperbot_ws/install/bumperbot_cpp_examples:/home/yalin/workspace/ros2-robot-control/bumperbot_ws/install/bumperbot_msgs:/home/yalin/workspace/ros2-robot-control/bumperbot_ws/install/bumperbot_localization:/home/yalin/workspace/ros2-robot-control/bumperbot_ws/install/bumperbot_description:/home/yalin/workspace/ros2-robot-control/bumperbot_ws/install/bumperbot_controller:/home/yalin/workspace/ros2-robot-control/bumperbot_ws/install/bumperbot_py_examples:/opt/ros/humble LD_LIBRARY_PATH=/media/yalin/m2/workspace/carla-ros-bridge/catkin_ws/install/carla_ros_scenario_runner_types/lib:/media/yalin/m2/workspace/carla-ros-bridge/catkin_ws/install/carla_msgs/lib:${LD_LIBRARY_PATH} PYTHONPATH=/media/yalin/m2/workspace/carla-ros-bridge/catkin_ws/install/carla_ros_scenario_runner_types/local/lib/python3.10/dist-packages:/media/yalin/m2/workspace/carla-ros-bridge/catkin_ws/install/carla_msgs/local/lib/python3.10/dist-packages:${PYTHONPATH} /usr/bin/cmake --build /media/yalin/m2/workspace/carla-ros-bridge/catkin_ws/build/rviz_carla_plugin -- -j16 -l16
[31.072s] Invoking command in '/media/yalin/m2/workspace/carla-ros-bridge/catkin_ws/build/rviz_carla_plugin': AMENT_PREFIX_PATH=/media/yalin/m2/workspace/carla-ros-bridge/catkin_ws/install/carla_ros_scenario_runner_types:/media/yalin/m2/workspace/carla-ros-bridge/catkin_ws/install/carla_msgs:${AMENT_PREFIX_PATH} CMAKE_PREFIX_PATH=/media/yalin/m2/workspace/carla-ros-bridge/catkin_ws/install/carla_ros_scenario_runner_types:/media/yalin/m2/workspace/carla-ros-bridge/catkin_ws/install/carla_msgs:/home/yalin/workspace/ros2-robot-control/bumperbot_ws/install/bumperbot_cpp_examples:/home/yalin/workspace/ros2-robot-control/bumperbot_ws/install/bumperbot_msgs:/home/yalin/workspace/ros2-robot-control/bumperbot_ws/install/bumperbot_localization:/home/yalin/workspace/ros2-robot-control/bumperbot_ws/install/bumperbot_description:/home/yalin/workspace/ros2-robot-control/bumperbot_ws/install/bumperbot_controller:/home/yalin/workspace/ros2-robot-control/bumperbot_ws/install/bumperbot_py_examples:/opt/ros/humble LD_LIBRARY_PATH=/media/yalin/m2/workspace/carla-ros-bridge/catkin_ws/install/carla_ros_scenario_runner_types/lib:/media/yalin/m2/workspace/carla-ros-bridge/catkin_ws/install/carla_msgs/lib:${LD_LIBRARY_PATH} PYTHONPATH=/media/yalin/m2/workspace/carla-ros-bridge/catkin_ws/install/carla_ros_scenario_runner_types/local/lib/python3.10/dist-packages:/media/yalin/m2/workspace/carla-ros-bridge/catkin_ws/install/carla_msgs/local/lib/python3.10/dist-packages:${PYTHONPATH} /usr/bin/cmake --install /media/yalin/m2/workspace/carla-ros-bridge/catkin_ws/build/rviz_carla_plugin
[31.086s] -- Install configuration: ""
[31.086s] -- Execute custom install script
[31.087s] -- Symlinking: /media/yalin/m2/workspace/carla-ros-bridge/catkin_ws/install/rviz_carla_plugin/share/rviz_carla_plugin//plugin_description_ros2.xml
[31.098s] -- Symlinking: /media/yalin/m2/workspace/carla-ros-bridge/catkin_ws/install/rviz_carla_plugin/share/rviz_carla_plugin/environment/library_path.sh
[31.109s] -- Symlinking: /media/yalin/m2/workspace/carla-ros-bridge/catkin_ws/install/rviz_carla_plugin/share/rviz_carla_plugin/environment/library_path.dsv
[31.120s] -- Up-to-date symlink: /media/yalin/m2/workspace/carla-ros-bridge/catkin_ws/install/rviz_carla_plugin/share/rviz_carla_plugin/plugin_description_ros2.xml
[31.121s] -- Symlinking: /media/yalin/m2/workspace/carla-ros-bridge/catkin_ws/install/rviz_carla_plugin/share/rviz_carla_plugin/classes/CarlaControl.png
[31.132s] -- Symlinking: /media/yalin/m2/workspace/carla-ros-bridge/catkin_ws/install/rviz_carla_plugin/share/rviz_carla_plugin/pause.png
[31.142s] -- Symlinking: /media/yalin/m2/workspace/carla-ros-bridge/catkin_ws/install/rviz_carla_plugin/share/rviz_carla_plugin/play.png
[31.153s] -- Symlinking: /media/yalin/m2/workspace/carla-ros-bridge/catkin_ws/install/rviz_carla_plugin/share/rviz_carla_plugin/step_once.png
[31.165s] -- Symlinking: /media/yalin/m2/workspace/carla-ros-bridge/catkin_ws/install/rviz_carla_plugin/share/ament_index/resource_index/package_run_dependencies/rviz_carla_plugin
[31.176s] -- Symlinking: /media/yalin/m2/workspace/carla-ros-bridge/catkin_ws/install/rviz_carla_plugin/share/ament_index/resource_index/parent_prefix_path/rviz_carla_plugin
[31.192s] -- Symlinking: /media/yalin/m2/workspace/carla-ros-bridge/catkin_ws/install/rviz_carla_plugin/share/rviz_carla_plugin/environment/ament_prefix_path.sh
[31.209s] -- Symlinking: /media/yalin/m2/workspace/carla-ros-bridge/catkin_ws/install/rviz_carla_plugin/share/rviz_carla_plugin/environment/ament_prefix_path.dsv
[31.226s] -- Symlinking: /media/yalin/m2/workspace/carla-ros-bridge/catkin_ws/install/rviz_carla_plugin/share/rviz_carla_plugin/environment/path.sh
[31.243s] -- Symlinking: /media/yalin/m2/workspace/carla-ros-bridge/catkin_ws/install/rviz_carla_plugin/share/rviz_carla_plugin/environment/path.dsv
[31.261s] -- Symlinking: /media/yalin/m2/workspace/carla-ros-bridge/catkin_ws/install/rviz_carla_plugin/share/rviz_carla_plugin/local_setup.bash
[31.278s] -- Symlinking: /media/yalin/m2/workspace/carla-ros-bridge/catkin_ws/install/rviz_carla_plugin/share/rviz_carla_plugin/local_setup.sh
[31.295s] -- Symlinking: /media/yalin/m2/workspace/carla-ros-bridge/catkin_ws/install/rviz_carla_plugin/share/rviz_carla_plugin/local_setup.zsh
[31.312s] -- Symlinking: /media/yalin/m2/workspace/carla-ros-bridge/catkin_ws/install/rviz_carla_plugin/share/rviz_carla_plugin/local_setup.dsv
[31.322s] -- Symlinking: /media/yalin/m2/workspace/carla-ros-bridge/catkin_ws/install/rviz_carla_plugin/share/rviz_carla_plugin/package.dsv
[31.332s] -- Symlinking: /media/yalin/m2/workspace/carla-ros-bridge/catkin_ws/install/rviz_carla_plugin/share/ament_index/resource_index/packages/rviz_carla_plugin
[31.342s] -- Symlinking: /media/yalin/m2/workspace/carla-ros-bridge/catkin_ws/install/rviz_carla_plugin/share/ament_index/resource_index/rviz_common__pluginlib__plugin/rviz_carla_plugin
[31.353s] -- Symlinking: /media/yalin/m2/workspace/carla-ros-bridge/catkin_ws/install/rviz_carla_plugin/share/rviz_carla_plugin/cmake/ament_cmake_export_libraries-extras.cmake
[31.370s] -- Symlinking: /media/yalin/m2/workspace/carla-ros-bridge/catkin_ws/install/rviz_carla_plugin/share/rviz_carla_plugin/cmake/rviz_carla_pluginConfig.cmake
[31.387s] -- Symlinking: /media/yalin/m2/workspace/carla-ros-bridge/catkin_ws/install/rviz_carla_plugin/share/rviz_carla_plugin/cmake/rviz_carla_pluginConfig-version.cmake
[31.404s] -- Symlinking: /media/yalin/m2/workspace/carla-ros-bridge/catkin_ws/install/rviz_carla_plugin/share/rviz_carla_plugin/package.xml
[31.422s] -- Installing: /media/yalin/m2/workspace/carla-ros-bridge/catkin_ws/install/rviz_carla_plugin/lib/librviz_carla_plugin.so
[31.476s] -- Set runtime path of "/media/yalin/m2/workspace/carla-ros-bridge/catkin_ws/install/rviz_carla_plugin/lib/librviz_carla_plugin.so" to ""
[31.481s] Invoked command in '/media/yalin/m2/workspace/carla-ros-bridge/catkin_ws/build/rviz_carla_plugin' returned '0': AMENT_PREFIX_PATH=/media/yalin/m2/workspace/carla-ros-bridge/catkin_ws/install/carla_ros_scenario_runner_types:/media/yalin/m2/workspace/carla-ros-bridge/catkin_ws/install/carla_msgs:${AMENT_PREFIX_PATH} CMAKE_PREFIX_PATH=/media/yalin/m2/workspace/carla-ros-bridge/catkin_ws/install/carla_ros_scenario_runner_types:/media/yalin/m2/workspace/carla-ros-bridge/catkin_ws/install/carla_msgs:/home/yalin/workspace/ros2-robot-control/bumperbot_ws/install/bumperbot_cpp_examples:/home/yalin/workspace/ros2-robot-control/bumperbot_ws/install/bumperbot_msgs:/home/yalin/workspace/ros2-robot-control/bumperbot_ws/install/bumperbot_localization:/home/yalin/workspace/ros2-robot-control/bumperbot_ws/install/bumperbot_description:/home/yalin/workspace/ros2-robot-control/bumperbot_ws/install/bumperbot_controller:/home/yalin/workspace/ros2-robot-control/bumperbot_ws/install/bumperbot_py_examples:/opt/ros/humble LD_LIBRARY_PATH=/media/yalin/m2/workspace/carla-ros-bridge/catkin_ws/install/carla_ros_scenario_runner_types/lib:/media/yalin/m2/workspace/carla-ros-bridge/catkin_ws/install/carla_msgs/lib:${LD_LIBRARY_PATH} PYTHONPATH=/media/yalin/m2/workspace/carla-ros-bridge/catkin_ws/install/carla_ros_scenario_runner_types/local/lib/python3.10/dist-packages:/media/yalin/m2/workspace/carla-ros-bridge/catkin_ws/install/carla_msgs/local/lib/python3.10/dist-packages:${PYTHONPATH} /usr/bin/cmake --install /media/yalin/m2/workspace/carla-ros-bridge/catkin_ws/build/rviz_carla_plugin
