[0.022s] Invoking command in '/media/yalin/m2/workspace/carla-ros-bridge/catkin_ws/build/pcl_recorder': AMENT_PREFIX_PATH=/media/yalin/m2/workspace/carla-ros-bridge/catkin_ws/install/carla_ros_bridge:/media/yalin/m2/workspace/carla-ros-bridge/catkin_ws/install/carla_spawn_objects:/media/yalin/m2/workspace/carla-ros-bridge/catkin_ws/install/carla_manual_control:/media/yalin/m2/workspace/carla-ros-bridge/catkin_ws/install/ros_compatibility:/media/yalin/m2/workspace/carla-ros-bridge/catkin_ws/install/carla_msgs:/media/yalin/m2/workspace/carla-ros-bridge/catkin_ws/install/carla_common:${AMENT_PREFIX_PATH} CMAKE_PREFIX_PATH=/media/yalin/m2/workspace/carla-ros-bridge/catkin_ws/install/carla_msgs:/home/yalin/workspace/ros2-robot-control/bumperbot_ws/install/bumperbot_cpp_examples:/home/yalin/workspace/ros2-robot-control/bumperbot_ws/install/bumperbot_msgs:/home/yalin/workspace/ros2-robot-control/bumperbot_ws/install/bumperbot_localization:/home/yalin/workspace/ros2-robot-control/bumperbot_ws/install/bumperbot_description:/home/yalin/workspace/ros2-robot-control/bumperbot_ws/install/bumperbot_controller:/home/yalin/workspace/ros2-robot-control/bumperbot_ws/install/bumperbot_py_examples:/opt/ros/humble LD_LIBRARY_PATH=/media/yalin/m2/workspace/carla-ros-bridge/catkin_ws/install/carla_msgs/lib:${LD_LIBRARY_PATH} PYTHONPATH=/media/yalin/m2/workspace/carla-ros-bridge/catkin_ws/build/carla_ros_bridge/src:/media/yalin/m2/workspace/carla-ros-bridge/catkin_ws/install/carla_ros_bridge/lib/python3.10/site-packages:/media/yalin/m2/workspace/carla-ros-bridge/catkin_ws/build/carla_spawn_objects:/media/yalin/m2/workspace/carla-ros-bridge/catkin_ws/install/carla_spawn_objects/lib/python3.10/site-packages:/media/yalin/m2/workspace/carla-ros-bridge/catkin_ws/build/carla_manual_control/src:/media/yalin/m2/workspace/carla-ros-bridge/catkin_ws/install/carla_manual_control/lib/python3.10/site-packages:/media/yalin/m2/workspace/carla-ros-bridge/catkin_ws/build/ros_compatibility/src:/media/yalin/m2/workspace/carla-ros-bridge/catkin_ws/install/ros_compatibility/lib/python3.10/site-packages:/media/yalin/m2/workspace/carla-ros-bridge/catkin_ws/install/carla_msgs/local/lib/python3.10/dist-packages:/media/yalin/m2/workspace/carla-ros-bridge/catkin_ws/build/carla_common/src:/media/yalin/m2/workspace/carla-ros-bridge/catkin_ws/install/carla_common/lib/python3.10/site-packages:${PYTHONPATH} /usr/bin/cmake /media/yalin/m2/workspace/carla-ros-bridge/catkin_ws/src/carla_ros/pcl_recorder -DAMENT_CMAKE_SYMLINK_INSTALL=1 -DCMAKE_INSTALL_PREFIX=/media/yalin/m2/workspace/carla-ros-bridge/catkin_ws/install/pcl_recorder
[0.089s] -- The C compiler identification is GNU 11.4.0
[0.157s] -- The CXX compiler identification is GNU 11.4.0
[0.165s] -- Detecting C compiler ABI info
[0.244s] -- Detecting C compiler ABI info - done
[0.259s] -- Check for working C compiler: /usr/bin/cc - skipped
[0.259s] -- Detecting C compile features
[0.260s] -- Detecting C compile features - done
[0.266s] -- Detecting CXX compiler ABI info
[0.370s] -- Detecting CXX compiler ABI info - done
[0.379s] -- Check for working CXX compiler: /usr/bin/c++ - skipped
[0.379s] -- Detecting CXX compile features
[0.379s] -- Detecting CXX compile features - done
[0.383s] -- Found ros_environment: 3.2.2 (/opt/ros/humble/share/ros_environment/cmake)
[0.386s] -- Found ament_cmake: 1.3.9 (/opt/ros/humble/share/ament_cmake/cmake)
[0.624s] -- Found Python3: /usr/bin/python3 (found version "3.10.12") found components: Interpreter 
[0.704s] -- Override CMake install command with custom implementation using symlinks instead of copying resources
[0.759s] -- Found rclcpp: 16.0.9 (/opt/ros/humble/share/rclcpp/cmake)
[0.838s] -- Found rosidl_generator_c: 3.1.5 (/opt/ros/humble/share/rosidl_generator_c/cmake)
[0.847s] -- Found rosidl_adapter: 3.1.5 (/opt/ros/humble/share/rosidl_adapter/cmake)
[0.860s] -- Found rosidl_generator_cpp: 3.1.5 (/opt/ros/humble/share/rosidl_generator_cpp/cmake)
[0.879s] -- Using all available rosidl_typesupport_c: rosidl_typesupport_fastrtps_c;rosidl_typesupport_introspection_c
[0.906s] -- Using all available rosidl_typesupport_cpp: rosidl_typesupport_fastrtps_cpp;rosidl_typesupport_introspection_cpp
[0.999s] -- Found rmw_implementation_cmake: 6.1.2 (/opt/ros/humble/share/rmw_implementation_cmake/cmake)
[1.004s] -- Found rmw_fastrtps_cpp: 6.2.6 (/opt/ros/humble/share/rmw_fastrtps_cpp/cmake)
[1.174s] -- Found OpenSSL: /usr/lib/x86_64-linux-gnu/libcrypto.so (found version "3.0.2")  
[1.237s] -- Found FastRTPS: /opt/ros/humble/include  
[1.351s] -- Using RMW implementation 'rmw_fastrtps_cpp' as default
[1.375s] -- Looking for pthread.h
[1.580s] -- Looking for pthread.h - found
[1.580s] -- Performing Test CMAKE_HAVE_LIBC_PTHREAD
[1.862s] -- Performing Test CMAKE_HAVE_LIBC_PTHREAD - Success
[1.864s] -- Found Threads: TRUE  
[2.146s] -- Found rclcpp_components: 16.0.9 (/opt/ros/humble/share/rclcpp_components/cmake)
[2.235s] -- Found sensor_msgs: 4.2.4 (/opt/ros/humble/share/sensor_msgs/cmake)
[2.374s] -- Found tf2: 0.25.7 (/opt/ros/humble/share/tf2/cmake)
[2.385s] -- Found tf2_eigen: 0.25.7 (/opt/ros/humble/share/tf2_eigen/cmake)
[2.695s] -- Found tf2_geometry_msgs: 0.25.7 (/opt/ros/humble/share/tf2_geometry_msgs/cmake)
[2.708s] -- Found eigen3_cmake_module: 0.1.1 (/opt/ros/humble/share/eigen3_cmake_module/cmake)
[2.709s] -- Found Eigen3: TRUE (found version "3.4.0") 
[2.709s] -- Ensuring Eigen3 include directory is part of orocos-kdl CMake target
[2.722s] -- Found pcl_conversions: 2.4.0 (/opt/ros/humble/share/pcl_conversions/cmake)
[2.876s] -- Found Boost: /usr/lib/x86_64-linux-gnu/cmake/Boost-1.74.0/BoostConfig.cmake (found version "1.74.0") found components: system 
[2.898s] -- Checking for module 'eigen3'
[2.917s] --   Found eigen3, version 3.4.0
[2.964s] -- Found Eigen: /usr/include/eigen3 (Required is at least version "3.1") 
[2.964s] -- Eigen found (include: /usr/include/eigen3, version: 3.4.0)
[2.988s] -- Found Boost: /usr/lib/x86_64-linux-gnu/cmake/Boost-1.74.0/BoostConfig.cmake (found suitable version "1.74.0", minimum required is "1.65.0") found components: system filesystem date_time iostreams serialization 
[3.062s] -- Checking for module 'libusb-1.0'
[3.080s] --   Found libusb-1.0, version 1.0.25
[3.123s] -- Found libusb: /usr/lib/x86_64-linux-gnu/libusb-1.0.so  
[3.124s] -- Found OpenNI: /usr/lib/libOpenNI.so;libusb::libusb (found version "1.5.4.0") 
[3.124s] -- OpenNI found (version: 1.5.4.0, include: /usr/include/ni, lib: /usr/lib/libOpenNI.so;libusb::libusb)
[3.211s] -- Found OpenNI2: /usr/lib/x86_64-linux-gnu/libOpenNI2.so;libusb::libusb (found version "2.2.0.33") 
[3.211s] -- OpenNI2 found (version: 2.2.0.33, include: /usr/include/openni2, lib: /usr/lib/x86_64-linux-gnu/libOpenNI2.so;libusb::libusb)
[3.211s] [0m** WARNING ** io features related to pcap will be disabled[0m
[3.211s] [0m** WARNING ** io features related to png will be disabled[0m
[3.255s] -- Found GLEW: /usr/lib/x86_64-linux-gnu/libGLEW.so  
[3.263s] -- Found OpenGL: /usr/lib/x86_64-linux-gnu/libOpenGL.so  found components: OpenGL GLX 
[3.458s] -- Found MPI_C: /usr/lib/x86_64-linux-gnu/libmpi.so (found version "3.1") 
[3.459s] -- Found MPI: TRUE (found version "3.1") found components: C 
[3.464s] -- Found JsonCpp: /usr/lib/x86_64-linux-gnu/libjsoncpp.so (found suitable version "1.9.5", minimum required is "0.7.0") 
[3.476s] -- Found ZLIB: /usr/lib/x86_64-linux-gnu/libz.so (found version "1.2.11") 
[3.502s] -- Found PNG: /usr/lib/x86_64-linux-gnu/libpng.so (found version "1.6.37") 
[3.518s] -- Found Eigen3: /usr/include/eigen3 (found version "3.4.0") 
[3.661s] -- Found X11: /usr/include   
[3.661s] -- Looking for XOpenDisplay in /usr/lib/x86_64-linux-gnu/libX11.so;/usr/lib/x86_64-linux-gnu/libXext.so
[3.758s] -- Looking for XOpenDisplay in /usr/lib/x86_64-linux-gnu/libX11.so;/usr/lib/x86_64-linux-gnu/libXext.so - found
[3.758s] -- Looking for gethostbyname
[3.841s] -- Looking for gethostbyname - found
[3.841s] -- Looking for connect
[3.924s] -- Looking for connect - found
[3.924s] -- Looking for remove
[4.003s] -- Looking for remove - found
[4.003s] -- Looking for shmat
[4.082s] -- Looking for shmat - found
[4.082s] -- Looking for IceConnectionNumber in ICE
[4.160s] -- Looking for IceConnectionNumber in ICE - found
[4.261s] -- Found EXPAT: /usr/lib/x86_64-linux-gnu/libexpat.so (found version "2.4.7") 
[4.263s] -- Found double-conversion: /usr/lib/x86_64-linux-gnu/libdouble-conversion.so  
[4.265s] -- Found LZ4: /usr/lib/x86_64-linux-gnu/liblz4.so (found version "1.9.3") 
[4.267s] -- Found LZMA: /usr/lib/x86_64-linux-gnu/liblzma.so (found version "5.2.5") 
[4.330s] -- Found JPEG: /usr/lib/x86_64-linux-gnu/libjpeg.so (found version "80") 
[4.337s] -- Found TIFF: /usr/lib/x86_64-linux-gnu/libtiff.so (found version "4.3.0")  
[4.342s] -- Found Freetype: /usr/lib/x86_64-linux-gnu/libfreetype.so (found version "2.11.1") 
[4.349s] -- Found utf8cpp: /usr/include/utf8cpp  
[4.395s] -- Eigen found (include: /usr/include/eigen3, version: 3.4.0)
[4.395s] -- looking for PCL_COMMON
[4.396s] -- Found PCL_COMMON: /usr/lib/x86_64-linux-gnu/libpcl_common.so  
[4.396s] -- looking for PCL_OCTREE
[4.397s] -- Found PCL_OCTREE: /usr/lib/x86_64-linux-gnu/libpcl_octree.so  
[4.397s] -- looking for PCL_IO
[4.398s] -- Found PCL_IO: /usr/lib/x86_64-linux-gnu/libpcl_io.so  
[4.398s] -- Found PCL: pcl_common;pcl_octree;pcl_io;Boost::system;Boost::filesystem;Boost::date_time;Boost::iostreams;Boost::serialization;/usr/lib/libOpenNI.so;libusb::libusb;/usr/lib/x86_64-linux-gnu/libOpenNI2.so;libusb::libusb;VTK::ChartsCore;VTK::CommonColor;VTK::CommonComputationalGeometry;VTK::CommonCore;VTK::CommonDataModel;VTK::CommonExecutionModel;VTK::CommonMath;VTK::CommonMisc;VTK::CommonTransforms;VTK::FiltersCore;VTK::FiltersExtraction;VTK::FiltersGeneral;VTK::FiltersGeometry;VTK::FiltersModeling;VTK::FiltersSources;VTK::ImagingCore;VTK::ImagingSources;VTK::InteractionImage;VTK::InteractionStyle;VTK::InteractionWidgets;VTK::IOCore;VTK::IOGeometry;VTK::IOImage;VTK::IOLegacy;VTK::IOPLY;VTK::RenderingAnnotation;VTK::RenderingCore;VTK::RenderingContext2D;VTK::RenderingLOD;VTK::RenderingFreeType;VTK::ViewsCore;VTK::ViewsContext2D;VTK::RenderingOpenGL2;VTK::GUISupportQt  
[4.551s] -- Configuring done
[4.601s] -- Generating done
[4.603s] -- Build files have been written to: /media/yalin/m2/workspace/carla-ros-bridge/catkin_ws/build/pcl_recorder
[4.619s] Invoked command in '/media/yalin/m2/workspace/carla-ros-bridge/catkin_ws/build/pcl_recorder' returned '0': AMENT_PREFIX_PATH=/media/yalin/m2/workspace/carla-ros-bridge/catkin_ws/install/carla_ros_bridge:/media/yalin/m2/workspace/carla-ros-bridge/catkin_ws/install/carla_spawn_objects:/media/yalin/m2/workspace/carla-ros-bridge/catkin_ws/install/carla_manual_control:/media/yalin/m2/workspace/carla-ros-bridge/catkin_ws/install/ros_compatibility:/media/yalin/m2/workspace/carla-ros-bridge/catkin_ws/install/carla_msgs:/media/yalin/m2/workspace/carla-ros-bridge/catkin_ws/install/carla_common:${AMENT_PREFIX_PATH} CMAKE_PREFIX_PATH=/media/yalin/m2/workspace/carla-ros-bridge/catkin_ws/install/carla_msgs:/home/yalin/workspace/ros2-robot-control/bumperbot_ws/install/bumperbot_cpp_examples:/home/yalin/workspace/ros2-robot-control/bumperbot_ws/install/bumperbot_msgs:/home/yalin/workspace/ros2-robot-control/bumperbot_ws/install/bumperbot_localization:/home/yalin/workspace/ros2-robot-control/bumperbot_ws/install/bumperbot_description:/home/yalin/workspace/ros2-robot-control/bumperbot_ws/install/bumperbot_controller:/home/yalin/workspace/ros2-robot-control/bumperbot_ws/install/bumperbot_py_examples:/opt/ros/humble LD_LIBRARY_PATH=/media/yalin/m2/workspace/carla-ros-bridge/catkin_ws/install/carla_msgs/lib:${LD_LIBRARY_PATH} PYTHONPATH=/media/yalin/m2/workspace/carla-ros-bridge/catkin_ws/build/carla_ros_bridge/src:/media/yalin/m2/workspace/carla-ros-bridge/catkin_ws/install/carla_ros_bridge/lib/python3.10/site-packages:/media/yalin/m2/workspace/carla-ros-bridge/catkin_ws/build/carla_spawn_objects:/media/yalin/m2/workspace/carla-ros-bridge/catkin_ws/install/carla_spawn_objects/lib/python3.10/site-packages:/media/yalin/m2/workspace/carla-ros-bridge/catkin_ws/build/carla_manual_control/src:/media/yalin/m2/workspace/carla-ros-bridge/catkin_ws/install/carla_manual_control/lib/python3.10/site-packages:/media/yalin/m2/workspace/carla-ros-bridge/catkin_ws/build/ros_compatibility/src:/media/yalin/m2/workspace/carla-ros-bridge/catkin_ws/install/ros_compatibility/lib/python3.10/site-packages:/media/yalin/m2/workspace/carla-ros-bridge/catkin_ws/install/carla_msgs/local/lib/python3.10/dist-packages:/media/yalin/m2/workspace/carla-ros-bridge/catkin_ws/build/carla_common/src:/media/yalin/m2/workspace/carla-ros-bridge/catkin_ws/install/carla_common/lib/python3.10/site-packages:${PYTHONPATH} /usr/bin/cmake /media/yalin/m2/workspace/carla-ros-bridge/catkin_ws/src/carla_ros/pcl_recorder -DAMENT_CMAKE_SYMLINK_INSTALL=1 -DCMAKE_INSTALL_PREFIX=/media/yalin/m2/workspace/carla-ros-bridge/catkin_ws/install/pcl_recorder
[4.621s] Invoking command in '/media/yalin/m2/workspace/carla-ros-bridge/catkin_ws/build/pcl_recorder': AMENT_PREFIX_PATH=/media/yalin/m2/workspace/carla-ros-bridge/catkin_ws/install/carla_ros_bridge:/media/yalin/m2/workspace/carla-ros-bridge/catkin_ws/install/carla_spawn_objects:/media/yalin/m2/workspace/carla-ros-bridge/catkin_ws/install/carla_manual_control:/media/yalin/m2/workspace/carla-ros-bridge/catkin_ws/install/ros_compatibility:/media/yalin/m2/workspace/carla-ros-bridge/catkin_ws/install/carla_msgs:/media/yalin/m2/workspace/carla-ros-bridge/catkin_ws/install/carla_common:${AMENT_PREFIX_PATH} CMAKE_PREFIX_PATH=/media/yalin/m2/workspace/carla-ros-bridge/catkin_ws/install/carla_msgs:/home/yalin/workspace/ros2-robot-control/bumperbot_ws/install/bumperbot_cpp_examples:/home/yalin/workspace/ros2-robot-control/bumperbot_ws/install/bumperbot_msgs:/home/yalin/workspace/ros2-robot-control/bumperbot_ws/install/bumperbot_localization:/home/yalin/workspace/ros2-robot-control/bumperbot_ws/install/bumperbot_description:/home/yalin/workspace/ros2-robot-control/bumperbot_ws/install/bumperbot_controller:/home/yalin/workspace/ros2-robot-control/bumperbot_ws/install/bumperbot_py_examples:/opt/ros/humble LD_LIBRARY_PATH=/media/yalin/m2/workspace/carla-ros-bridge/catkin_ws/install/carla_msgs/lib:${LD_LIBRARY_PATH} PYTHONPATH=/media/yalin/m2/workspace/carla-ros-bridge/catkin_ws/build/carla_ros_bridge/src:/media/yalin/m2/workspace/carla-ros-bridge/catkin_ws/install/carla_ros_bridge/lib/python3.10/site-packages:/media/yalin/m2/workspace/carla-ros-bridge/catkin_ws/build/carla_spawn_objects:/media/yalin/m2/workspace/carla-ros-bridge/catkin_ws/install/carla_spawn_objects/lib/python3.10/site-packages:/media/yalin/m2/workspace/carla-ros-bridge/catkin_ws/build/carla_manual_control/src:/media/yalin/m2/workspace/carla-ros-bridge/catkin_ws/install/carla_manual_control/lib/python3.10/site-packages:/media/yalin/m2/workspace/carla-ros-bridge/catkin_ws/build/ros_compatibility/src:/media/yalin/m2/workspace/carla-ros-bridge/catkin_ws/install/ros_compatibility/lib/python3.10/site-packages:/media/yalin/m2/workspace/carla-ros-bridge/catkin_ws/install/carla_msgs/local/lib/python3.10/dist-packages:/media/yalin/m2/workspace/carla-ros-bridge/catkin_ws/build/carla_common/src:/media/yalin/m2/workspace/carla-ros-bridge/catkin_ws/install/carla_common/lib/python3.10/site-packages:${PYTHONPATH} /usr/bin/cmake --build /media/yalin/m2/workspace/carla-ros-bridge/catkin_ws/build/pcl_recorder -- -j16 -l16
[4.693s] [ 66%] [32mBuilding CXX object CMakeFiles/pcl_recorder_node.dir/src/mainROS2.cpp.o[0m
[4.693s] [ 66%] [32mBuilding CXX object CMakeFiles/pcl_recorder_node.dir/src/PclRecorderROS2.cpp.o[0m
[6.640s] In file included from [01m[K/media/yalin/m2/workspace/carla-ros-bridge/catkin_ws/src/carla_ros/pcl_recorder/include/PclRecorderROS2.h:13[m[K,
[6.640s]                  from [01m[K/media/yalin/m2/workspace/carla-ros-bridge/catkin_ws/src/carla_ros/pcl_recorder/src/mainROS2.cpp:7[m[K:
[6.640s] [01m[K/opt/ros/humble/include/tf2_eigen/tf2_eigen/tf2_eigen.h:32:2:[m[K [01;35m[Kwarning: [m[K#warning This header is obsolete, please include tf2_eigen/tf2_eigen.hpp instead [[01;35m[K]8;;https://gcc.gnu.org/onlinedocs/gcc/Warning-Options.html#index-Wcpp-Wcpp]8;;[m[K]
[6.640s]    32 | #[01;35m[Kwarning[m[K This header is obsolete, please include tf2_eigen/tf2_eigen.hpp instead
[6.640s]       |  [01;35m[K^~~~~~~[m[K
[6.972s] In file included from [01m[K/media/yalin/m2/workspace/carla-ros-bridge/catkin_ws/src/carla_ros/pcl_recorder/include/PclRecorderROS2.h:13[m[K,
[6.972s]                  from [01m[K/media/yalin/m2/workspace/carla-ros-bridge/catkin_ws/src/carla_ros/pcl_recorder/src/PclRecorderROS2.cpp:13[m[K:
[6.972s] [01m[K/opt/ros/humble/include/tf2_eigen/tf2_eigen/tf2_eigen.h:32:2:[m[K [01;35m[Kwarning: [m[K#warning This header is obsolete, please include tf2_eigen/tf2_eigen.hpp instead [[01;35m[K]8;;https://gcc.gnu.org/onlinedocs/gcc/Warning-Options.html#index-Wcpp-Wcpp]8;;[m[K]
[6.972s]    32 | #[01;35m[Kwarning[m[K This header is obsolete, please include tf2_eigen/tf2_eigen.hpp instead
[6.973s]       |  [01;35m[K^~~~~~~[m[K
[17.258s] [100%] [32m[1mLinking CXX executable pcl_recorder_node[0m
[18.146s] [100%] Built target pcl_recorder_node
[18.183s] Invoked command in '/media/yalin/m2/workspace/carla-ros-bridge/catkin_ws/build/pcl_recorder' returned '0': AMENT_PREFIX_PATH=/media/yalin/m2/workspace/carla-ros-bridge/catkin_ws/install/carla_ros_bridge:/media/yalin/m2/workspace/carla-ros-bridge/catkin_ws/install/carla_spawn_objects:/media/yalin/m2/workspace/carla-ros-bridge/catkin_ws/install/carla_manual_control:/media/yalin/m2/workspace/carla-ros-bridge/catkin_ws/install/ros_compatibility:/media/yalin/m2/workspace/carla-ros-bridge/catkin_ws/install/carla_msgs:/media/yalin/m2/workspace/carla-ros-bridge/catkin_ws/install/carla_common:${AMENT_PREFIX_PATH} CMAKE_PREFIX_PATH=/media/yalin/m2/workspace/carla-ros-bridge/catkin_ws/install/carla_msgs:/home/yalin/workspace/ros2-robot-control/bumperbot_ws/install/bumperbot_cpp_examples:/home/yalin/workspace/ros2-robot-control/bumperbot_ws/install/bumperbot_msgs:/home/yalin/workspace/ros2-robot-control/bumperbot_ws/install/bumperbot_localization:/home/yalin/workspace/ros2-robot-control/bumperbot_ws/install/bumperbot_description:/home/yalin/workspace/ros2-robot-control/bumperbot_ws/install/bumperbot_controller:/home/yalin/workspace/ros2-robot-control/bumperbot_ws/install/bumperbot_py_examples:/opt/ros/humble LD_LIBRARY_PATH=/media/yalin/m2/workspace/carla-ros-bridge/catkin_ws/install/carla_msgs/lib:${LD_LIBRARY_PATH} PYTHONPATH=/media/yalin/m2/workspace/carla-ros-bridge/catkin_ws/build/carla_ros_bridge/src:/media/yalin/m2/workspace/carla-ros-bridge/catkin_ws/install/carla_ros_bridge/lib/python3.10/site-packages:/media/yalin/m2/workspace/carla-ros-bridge/catkin_ws/build/carla_spawn_objects:/media/yalin/m2/workspace/carla-ros-bridge/catkin_ws/install/carla_spawn_objects/lib/python3.10/site-packages:/media/yalin/m2/workspace/carla-ros-bridge/catkin_ws/build/carla_manual_control/src:/media/yalin/m2/workspace/carla-ros-bridge/catkin_ws/install/carla_manual_control/lib/python3.10/site-packages:/media/yalin/m2/workspace/carla-ros-bridge/catkin_ws/build/ros_compatibility/src:/media/yalin/m2/workspace/carla-ros-bridge/catkin_ws/install/ros_compatibility/lib/python3.10/site-packages:/media/yalin/m2/workspace/carla-ros-bridge/catkin_ws/install/carla_msgs/local/lib/python3.10/dist-packages:/media/yalin/m2/workspace/carla-ros-bridge/catkin_ws/build/carla_common/src:/media/yalin/m2/workspace/carla-ros-bridge/catkin_ws/install/carla_common/lib/python3.10/site-packages:${PYTHONPATH} /usr/bin/cmake --build /media/yalin/m2/workspace/carla-ros-bridge/catkin_ws/build/pcl_recorder -- -j16 -l16
[18.229s] Invoking command in '/media/yalin/m2/workspace/carla-ros-bridge/catkin_ws/build/pcl_recorder': AMENT_PREFIX_PATH=/media/yalin/m2/workspace/carla-ros-bridge/catkin_ws/install/carla_ros_bridge:/media/yalin/m2/workspace/carla-ros-bridge/catkin_ws/install/carla_spawn_objects:/media/yalin/m2/workspace/carla-ros-bridge/catkin_ws/install/carla_manual_control:/media/yalin/m2/workspace/carla-ros-bridge/catkin_ws/install/ros_compatibility:/media/yalin/m2/workspace/carla-ros-bridge/catkin_ws/install/carla_msgs:/media/yalin/m2/workspace/carla-ros-bridge/catkin_ws/install/carla_common:${AMENT_PREFIX_PATH} CMAKE_PREFIX_PATH=/media/yalin/m2/workspace/carla-ros-bridge/catkin_ws/install/carla_msgs:/home/yalin/workspace/ros2-robot-control/bumperbot_ws/install/bumperbot_cpp_examples:/home/yalin/workspace/ros2-robot-control/bumperbot_ws/install/bumperbot_msgs:/home/yalin/workspace/ros2-robot-control/bumperbot_ws/install/bumperbot_localization:/home/yalin/workspace/ros2-robot-control/bumperbot_ws/install/bumperbot_description:/home/yalin/workspace/ros2-robot-control/bumperbot_ws/install/bumperbot_controller:/home/yalin/workspace/ros2-robot-control/bumperbot_ws/install/bumperbot_py_examples:/opt/ros/humble LD_LIBRARY_PATH=/media/yalin/m2/workspace/carla-ros-bridge/catkin_ws/install/carla_msgs/lib:${LD_LIBRARY_PATH} PYTHONPATH=/media/yalin/m2/workspace/carla-ros-bridge/catkin_ws/build/carla_ros_bridge/src:/media/yalin/m2/workspace/carla-ros-bridge/catkin_ws/install/carla_ros_bridge/lib/python3.10/site-packages:/media/yalin/m2/workspace/carla-ros-bridge/catkin_ws/build/carla_spawn_objects:/media/yalin/m2/workspace/carla-ros-bridge/catkin_ws/install/carla_spawn_objects/lib/python3.10/site-packages:/media/yalin/m2/workspace/carla-ros-bridge/catkin_ws/build/carla_manual_control/src:/media/yalin/m2/workspace/carla-ros-bridge/catkin_ws/install/carla_manual_control/lib/python3.10/site-packages:/media/yalin/m2/workspace/carla-ros-bridge/catkin_ws/build/ros_compatibility/src:/media/yalin/m2/workspace/carla-ros-bridge/catkin_ws/install/ros_compatibility/lib/python3.10/site-packages:/media/yalin/m2/workspace/carla-ros-bridge/catkin_ws/install/carla_msgs/local/lib/python3.10/dist-packages:/media/yalin/m2/workspace/carla-ros-bridge/catkin_ws/build/carla_common/src:/media/yalin/m2/workspace/carla-ros-bridge/catkin_ws/install/carla_common/lib/python3.10/site-packages:${PYTHONPATH} /usr/bin/cmake --install /media/yalin/m2/workspace/carla-ros-bridge/catkin_ws/build/pcl_recorder
[18.243s] -- Install configuration: ""
[18.244s] -- Execute custom install script
[18.244s] -- Symlinking: /media/yalin/m2/workspace/carla-ros-bridge/catkin_ws/install/pcl_recorder/lib/pcl_recorder/pcl_recorder_node
[18.257s] -- Symlinking: /media/yalin/m2/workspace/carla-ros-bridge/catkin_ws/install/pcl_recorder/share/pcl_recorder//pcl_recorder.launch
[18.272s] -- Symlinking: /media/yalin/m2/workspace/carla-ros-bridge/catkin_ws/install/pcl_recorder/share/pcl_recorder//pcl_recorder.launch.py
[18.286s] -- Symlinking: /media/yalin/m2/workspace/carla-ros-bridge/catkin_ws/install/pcl_recorder/share/ament_index/resource_index/package_run_dependencies/pcl_recorder
[18.296s] -- Symlinking: /media/yalin/m2/workspace/carla-ros-bridge/catkin_ws/install/pcl_recorder/share/ament_index/resource_index/parent_prefix_path/pcl_recorder
[18.313s] -- Symlinking: /media/yalin/m2/workspace/carla-ros-bridge/catkin_ws/install/pcl_recorder/share/pcl_recorder/environment/ament_prefix_path.sh
[18.325s] -- Symlinking: /media/yalin/m2/workspace/carla-ros-bridge/catkin_ws/install/pcl_recorder/share/pcl_recorder/environment/ament_prefix_path.dsv
[18.336s] -- Symlinking: /media/yalin/m2/workspace/carla-ros-bridge/catkin_ws/install/pcl_recorder/share/pcl_recorder/environment/path.sh
[18.346s] -- Symlinking: /media/yalin/m2/workspace/carla-ros-bridge/catkin_ws/install/pcl_recorder/share/pcl_recorder/environment/path.dsv
[18.357s] -- Symlinking: /media/yalin/m2/workspace/carla-ros-bridge/catkin_ws/install/pcl_recorder/share/pcl_recorder/local_setup.bash
[18.368s] -- Symlinking: /media/yalin/m2/workspace/carla-ros-bridge/catkin_ws/install/pcl_recorder/share/pcl_recorder/local_setup.sh
[18.379s] -- Symlinking: /media/yalin/m2/workspace/carla-ros-bridge/catkin_ws/install/pcl_recorder/share/pcl_recorder/local_setup.zsh
[18.395s] -- Symlinking: /media/yalin/m2/workspace/carla-ros-bridge/catkin_ws/install/pcl_recorder/share/pcl_recorder/local_setup.dsv
[18.412s] -- Symlinking: /media/yalin/m2/workspace/carla-ros-bridge/catkin_ws/install/pcl_recorder/share/pcl_recorder/package.dsv
[18.430s] -- Symlinking: /media/yalin/m2/workspace/carla-ros-bridge/catkin_ws/install/pcl_recorder/share/ament_index/resource_index/packages/pcl_recorder
[18.441s] -- Symlinking: /media/yalin/m2/workspace/carla-ros-bridge/catkin_ws/install/pcl_recorder/share/pcl_recorder/cmake/pcl_recorderConfig.cmake
[18.452s] -- Symlinking: /media/yalin/m2/workspace/carla-ros-bridge/catkin_ws/install/pcl_recorder/share/pcl_recorder/cmake/pcl_recorderConfig-version.cmake
[18.462s] -- Symlinking: /media/yalin/m2/workspace/carla-ros-bridge/catkin_ws/install/pcl_recorder/share/pcl_recorder/package.xml
[18.477s] Invoked command in '/media/yalin/m2/workspace/carla-ros-bridge/catkin_ws/build/pcl_recorder' returned '0': AMENT_PREFIX_PATH=/media/yalin/m2/workspace/carla-ros-bridge/catkin_ws/install/carla_ros_bridge:/media/yalin/m2/workspace/carla-ros-bridge/catkin_ws/install/carla_spawn_objects:/media/yalin/m2/workspace/carla-ros-bridge/catkin_ws/install/carla_manual_control:/media/yalin/m2/workspace/carla-ros-bridge/catkin_ws/install/ros_compatibility:/media/yalin/m2/workspace/carla-ros-bridge/catkin_ws/install/carla_msgs:/media/yalin/m2/workspace/carla-ros-bridge/catkin_ws/install/carla_common:${AMENT_PREFIX_PATH} CMAKE_PREFIX_PATH=/media/yalin/m2/workspace/carla-ros-bridge/catkin_ws/install/carla_msgs:/home/yalin/workspace/ros2-robot-control/bumperbot_ws/install/bumperbot_cpp_examples:/home/yalin/workspace/ros2-robot-control/bumperbot_ws/install/bumperbot_msgs:/home/yalin/workspace/ros2-robot-control/bumperbot_ws/install/bumperbot_localization:/home/yalin/workspace/ros2-robot-control/bumperbot_ws/install/bumperbot_description:/home/yalin/workspace/ros2-robot-control/bumperbot_ws/install/bumperbot_controller:/home/yalin/workspace/ros2-robot-control/bumperbot_ws/install/bumperbot_py_examples:/opt/ros/humble LD_LIBRARY_PATH=/media/yalin/m2/workspace/carla-ros-bridge/catkin_ws/install/carla_msgs/lib:${LD_LIBRARY_PATH} PYTHONPATH=/media/yalin/m2/workspace/carla-ros-bridge/catkin_ws/build/carla_ros_bridge/src:/media/yalin/m2/workspace/carla-ros-bridge/catkin_ws/install/carla_ros_bridge/lib/python3.10/site-packages:/media/yalin/m2/workspace/carla-ros-bridge/catkin_ws/build/carla_spawn_objects:/media/yalin/m2/workspace/carla-ros-bridge/catkin_ws/install/carla_spawn_objects/lib/python3.10/site-packages:/media/yalin/m2/workspace/carla-ros-bridge/catkin_ws/build/carla_manual_control/src:/media/yalin/m2/workspace/carla-ros-bridge/catkin_ws/install/carla_manual_control/lib/python3.10/site-packages:/media/yalin/m2/workspace/carla-ros-bridge/catkin_ws/build/ros_compatibility/src:/media/yalin/m2/workspace/carla-ros-bridge/catkin_ws/install/ros_compatibility/lib/python3.10/site-packages:/media/yalin/m2/workspace/carla-ros-bridge/catkin_ws/install/carla_msgs/local/lib/python3.10/dist-packages:/media/yalin/m2/workspace/carla-ros-bridge/catkin_ws/build/carla_common/src:/media/yalin/m2/workspace/carla-ros-bridge/catkin_ws/install/carla_common/lib/python3.10/site-packages:${PYTHONPATH} /usr/bin/cmake --install /media/yalin/m2/workspace/carla-ros-bridge/catkin_ws/build/pcl_recorder
