running develop
/usr/lib/python3/dist-packages/setuptools/command/easy_install.py:158: EasyInstallDeprecationWarning: easy_install command is deprecated. Use build and pip and other standards-based tools.
  warnings.warn(
running egg_info
creating src/carla_common.egg-info
writing src/carla_common.egg-info/PKG-INFO
writing dependency_links to src/carla_common.egg-info/dependency_links.txt
writing requirements to src/carla_common.egg-info/requires.txt
writing top-level names to src/carla_common.egg-info/top_level.txt
writing manifest file 'src/carla_common.egg-info/SOURCES.txt'
reading manifest file 'src/carla_common.egg-info/SOURCES.txt'
writing manifest file 'src/carla_common.egg-info/SOURCES.txt'
running build_ext
Creating /media/yalin/m2/workspace/carla-ros-bridge/catkin_ws/install/carla_common/lib/python3.10/site-packages/carla-common.egg-link (link to src)

Installed /media/yalin/m2/workspace/carla-ros-bridge/catkin_ws/build/carla_common/src
running symlink_data
creating /media/yalin/m2/workspace/carla-ros-bridge/catkin_ws/install/carla_common/share/ament_index
creating /media/yalin/m2/workspace/carla-ros-bridge/catkin_ws/install/carla_common/share/ament_index/resource_index
creating /media/yalin/m2/workspace/carla-ros-bridge/catkin_ws/install/carla_common/share/ament_index/resource_index/packages
symbolically linking /media/yalin/m2/workspace/carla-ros-bridge/catkin_ws/build/carla_common/resource/carla_common -> /media/yalin/m2/workspace/carla-ros-bridge/catkin_ws/install/carla_common/share/ament_index/resource_index/packages
symbolically linking /media/yalin/m2/workspace/carla-ros-bridge/catkin_ws/build/carla_common/package.xml -> /media/yalin/m2/workspace/carla-ros-bridge/catkin_ws/install/carla_common/share/carla_common
