[1.619s] Invoking command in '/media/yalin/m2/workspace/carla-ros-bridge/catkin_ws/build/carla_common': PYTHONPATH=/media/yalin/m2/workspace/carla-ros-bridge/catkin_ws/build/carla_common/prefix_override:/usr/lib/python3/dist-packages/colcon_core/task/python/colcon_distutils_commands:/media/yalin/m2/workspace/carla-ros-bridge/catkin_ws/install/carla_common/lib/python3.10/site-packages:${PYTHONPATH} /usr/bin/python3 -W ignore:setup.py install is deprecated setup.py develop --editable --build-directory /media/yalin/m2/workspace/carla-ros-bridge/catkin_ws/build/carla_common/build --no-deps symlink_data
[1.906s] running develop
[1.906s] /usr/lib/python3/dist-packages/setuptools/command/easy_install.py:158: EasyInstallDeprecationWarning: easy_install command is deprecated. Use build and pip and other standards-based tools.
[1.906s]   warnings.warn(
[2.095s] running egg_info
[2.095s] creating src/carla_common.egg-info
[2.095s] writing src/carla_common.egg-info/PKG-INFO
[2.095s] writing dependency_links to src/carla_common.egg-info/dependency_links.txt
[2.096s] writing requirements to src/carla_common.egg-info/requires.txt
[2.096s] writing top-level names to src/carla_common.egg-info/top_level.txt
[2.096s] writing manifest file 'src/carla_common.egg-info/SOURCES.txt'
[2.098s] reading manifest file 'src/carla_common.egg-info/SOURCES.txt'
[2.098s] writing manifest file 'src/carla_common.egg-info/SOURCES.txt'
[2.100s] running build_ext
[2.101s] Creating /media/yalin/m2/workspace/carla-ros-bridge/catkin_ws/install/carla_common/lib/python3.10/site-packages/carla-common.egg-link (link to src)
[2.101s] 
[2.101s] Installed /media/yalin/m2/workspace/carla-ros-bridge/catkin_ws/build/carla_common/src
[2.101s] running symlink_data
[2.101s] creating /media/yalin/m2/workspace/carla-ros-bridge/catkin_ws/install/carla_common/share/ament_index
[2.101s] creating /media/yalin/m2/workspace/carla-ros-bridge/catkin_ws/install/carla_common/share/ament_index/resource_index
[2.101s] creating /media/yalin/m2/workspace/carla-ros-bridge/catkin_ws/install/carla_common/share/ament_index/resource_index/packages
[2.101s] symbolically linking /media/yalin/m2/workspace/carla-ros-bridge/catkin_ws/build/carla_common/resource/carla_common -> /media/yalin/m2/workspace/carla-ros-bridge/catkin_ws/install/carla_common/share/ament_index/resource_index/packages
[2.102s] symbolically linking /media/yalin/m2/workspace/carla-ros-bridge/catkin_ws/build/carla_common/package.xml -> /media/yalin/m2/workspace/carla-ros-bridge/catkin_ws/install/carla_common/share/carla_common
[2.149s] Invoked command in '/media/yalin/m2/workspace/carla-ros-bridge/catkin_ws/build/carla_common' returned '0': PYTHONPATH=/media/yalin/m2/workspace/carla-ros-bridge/catkin_ws/build/carla_common/prefix_override:/usr/lib/python3/dist-packages/colcon_core/task/python/colcon_distutils_commands:/media/yalin/m2/workspace/carla-ros-bridge/catkin_ws/install/carla_common/lib/python3.10/site-packages:${PYTHONPATH} /usr/bin/python3 -W ignore:setup.py install is deprecated setup.py develop --editable --build-directory /media/yalin/m2/workspace/carla-ros-bridge/catkin_ws/build/carla_common/build --no-deps symlink_data
