running develop
/usr/lib/python3/dist-packages/setuptools/command/easy_install.py:158: EasyInstallDeprecationWarning: easy_install command is deprecated. Use build and pip and other standards-based tools.
  warnings.warn(
running egg_info
creating src/carla_ros_scenario_runner.egg-info
writing src/carla_ros_scenario_runner.egg-info/PKG-INFO
writing dependency_links to src/carla_ros_scenario_runner.egg-info/dependency_links.txt
writing entry points to src/carla_ros_scenario_runner.egg-info/entry_points.txt
writing requirements to src/carla_ros_scenario_runner.egg-info/requires.txt
writing top-level names to src/carla_ros_scenario_runner.egg-info/top_level.txt
writing manifest file 'src/carla_ros_scenario_runner.egg-info/SOURCES.txt'
reading manifest file 'src/carla_ros_scenario_runner.egg-info/SOURCES.txt'
writing manifest file 'src/carla_ros_scenario_runner.egg-info/SOURCES.txt'
running build_ext
Creating /media/yalin/m2/workspace/carla-ros-bridge/catkin_ws/install/carla_ros_scenario_runner/lib/python3.10/site-packages/carla-ros-scenario-runner.egg-link (link to src)
Installing carla_ros_scenario_runner script to /media/yalin/m2/workspace/carla-ros-bridge/catkin_ws/install/carla_ros_scenario_runner/lib/carla_ros_scenario_runner

Installed /media/yalin/m2/workspace/carla-ros-bridge/catkin_ws/build/carla_ros_scenario_runner/src
running symlink_data
creating /media/yalin/m2/workspace/carla-ros-bridge/catkin_ws/install/carla_ros_scenario_runner/share/ament_index
creating /media/yalin/m2/workspace/carla-ros-bridge/catkin_ws/install/carla_ros_scenario_runner/share/ament_index/resource_index
creating /media/yalin/m2/workspace/carla-ros-bridge/catkin_ws/install/carla_ros_scenario_runner/share/ament_index/resource_index/packages
symbolically linking /media/yalin/m2/workspace/carla-ros-bridge/catkin_ws/build/carla_ros_scenario_runner/resource/carla_ros_scenario_runner -> /media/yalin/m2/workspace/carla-ros-bridge/catkin_ws/install/carla_ros_scenario_runner/share/ament_index/resource_index/packages
symbolically linking /media/yalin/m2/workspace/carla-ros-bridge/catkin_ws/build/carla_ros_scenario_runner/package.xml -> /media/yalin/m2/workspace/carla-ros-bridge/catkin_ws/install/carla_ros_scenario_runner/share/carla_ros_scenario_runner
symbolically linking /media/yalin/m2/workspace/carla-ros-bridge/catkin_ws/build/carla_ros_scenario_runner/launch/carla_ros_scenario_runner.launch.py -> /media/yalin/m2/workspace/carla-ros-bridge/catkin_ws/install/carla_ros_scenario_runner/share/carla_ros_scenario_runner
