[1.893s] Invoking command in '/media/yalin/m2/workspace/carla-ros-bridge/catkin_ws/build/carla_ros_scenario_runner': AMENT_PREFIX_PATH=/media/yalin/m2/workspace/carla-ros-bridge/catkin_ws/install/carla_ros_scenario_runner_types:/media/yalin/m2/workspace/carla-ros-bridge/catkin_ws/install/carla_msgs:/media/yalin/m2/workspace/carla-ros-bridge/catkin_ws/install/carla_common:${AMENT_PREFIX_PATH} CMAKE_PREFIX_PATH=/media/yalin/m2/workspace/carla-ros-bridge/catkin_ws/install/carla_ros_scenario_runner_types:/media/yalin/m2/workspace/carla-ros-bridge/catkin_ws/install/carla_msgs:${CMAKE_PREFIX_PATH} LD_LIBRARY_PATH=/media/yalin/m2/workspace/carla-ros-bridge/catkin_ws/install/carla_ros_scenario_runner_types/lib:/media/yalin/m2/workspace/carla-ros-bridge/catkin_ws/install/carla_msgs/lib:${LD_LIBRARY_PATH} PYTHONPATH=/media/yalin/m2/workspace/carla-ros-bridge/catkin_ws/build/carla_ros_scenario_runner/prefix_override:/usr/lib/python3/dist-packages/colcon_core/task/python/colcon_distutils_commands:/media/yalin/m2/workspace/carla-ros-bridge/catkin_ws/install/carla_ros_scenario_runner/lib/python3.10/site-packages:/media/yalin/m2/workspace/carla-ros-bridge/catkin_ws/install/carla_ros_scenario_runner_types/local/lib/python3.10/dist-packages:/media/yalin/m2/workspace/carla-ros-bridge/catkin_ws/install/carla_msgs/local/lib/python3.10/dist-packages:/media/yalin/m2/workspace/carla-ros-bridge/catkin_ws/build/carla_common/src:/media/yalin/m2/workspace/carla-ros-bridge/catkin_ws/install/carla_common/lib/python3.10/site-packages:${PYTHONPATH} /usr/bin/python3 -W ignore:setup.py install is deprecated setup.py develop --editable --build-directory /media/yalin/m2/workspace/carla-ros-bridge/catkin_ws/build/carla_ros_scenario_runner/build --no-deps symlink_data
[2.190s] running develop
[2.190s] /usr/lib/python3/dist-packages/setuptools/command/easy_install.py:158: EasyInstallDeprecationWarning: easy_install command is deprecated. Use build and pip and other standards-based tools.
[2.191s]   warnings.warn(
[2.408s] running egg_info
[2.409s] creating src/carla_ros_scenario_runner.egg-info
[2.409s] writing src/carla_ros_scenario_runner.egg-info/PKG-INFO
[2.409s] writing dependency_links to src/carla_ros_scenario_runner.egg-info/dependency_links.txt
[2.409s] writing entry points to src/carla_ros_scenario_runner.egg-info/entry_points.txt
[2.409s] writing requirements to src/carla_ros_scenario_runner.egg-info/requires.txt
[2.409s] writing top-level names to src/carla_ros_scenario_runner.egg-info/top_level.txt
[2.409s] writing manifest file 'src/carla_ros_scenario_runner.egg-info/SOURCES.txt'
[2.411s] reading manifest file 'src/carla_ros_scenario_runner.egg-info/SOURCES.txt'
[2.412s] writing manifest file 'src/carla_ros_scenario_runner.egg-info/SOURCES.txt'
[2.413s] running build_ext
[2.413s] Creating /media/yalin/m2/workspace/carla-ros-bridge/catkin_ws/install/carla_ros_scenario_runner/lib/python3.10/site-packages/carla-ros-scenario-runner.egg-link (link to src)
[2.414s] Installing carla_ros_scenario_runner script to /media/yalin/m2/workspace/carla-ros-bridge/catkin_ws/install/carla_ros_scenario_runner/lib/carla_ros_scenario_runner
[2.414s] 
[2.414s] Installed /media/yalin/m2/workspace/carla-ros-bridge/catkin_ws/build/carla_ros_scenario_runner/src
[2.415s] running symlink_data
[2.415s] creating /media/yalin/m2/workspace/carla-ros-bridge/catkin_ws/install/carla_ros_scenario_runner/share/ament_index
[2.415s] creating /media/yalin/m2/workspace/carla-ros-bridge/catkin_ws/install/carla_ros_scenario_runner/share/ament_index/resource_index
[2.416s] creating /media/yalin/m2/workspace/carla-ros-bridge/catkin_ws/install/carla_ros_scenario_runner/share/ament_index/resource_index/packages
[2.416s] symbolically linking /media/yalin/m2/workspace/carla-ros-bridge/catkin_ws/build/carla_ros_scenario_runner/resource/carla_ros_scenario_runner -> /media/yalin/m2/workspace/carla-ros-bridge/catkin_ws/install/carla_ros_scenario_runner/share/ament_index/resource_index/packages
[2.416s] symbolically linking /media/yalin/m2/workspace/carla-ros-bridge/catkin_ws/build/carla_ros_scenario_runner/package.xml -> /media/yalin/m2/workspace/carla-ros-bridge/catkin_ws/install/carla_ros_scenario_runner/share/carla_ros_scenario_runner
[2.417s] symbolically linking /media/yalin/m2/workspace/carla-ros-bridge/catkin_ws/build/carla_ros_scenario_runner/launch/carla_ros_scenario_runner.launch.py -> /media/yalin/m2/workspace/carla-ros-bridge/catkin_ws/install/carla_ros_scenario_runner/share/carla_ros_scenario_runner
[2.458s] Invoked command in '/media/yalin/m2/workspace/carla-ros-bridge/catkin_ws/build/carla_ros_scenario_runner' returned '0': AMENT_PREFIX_PATH=/media/yalin/m2/workspace/carla-ros-bridge/catkin_ws/install/carla_ros_scenario_runner_types:/media/yalin/m2/workspace/carla-ros-bridge/catkin_ws/install/carla_msgs:/media/yalin/m2/workspace/carla-ros-bridge/catkin_ws/install/carla_common:${AMENT_PREFIX_PATH} CMAKE_PREFIX_PATH=/media/yalin/m2/workspace/carla-ros-bridge/catkin_ws/install/carla_ros_scenario_runner_types:/media/yalin/m2/workspace/carla-ros-bridge/catkin_ws/install/carla_msgs:${CMAKE_PREFIX_PATH} LD_LIBRARY_PATH=/media/yalin/m2/workspace/carla-ros-bridge/catkin_ws/install/carla_ros_scenario_runner_types/lib:/media/yalin/m2/workspace/carla-ros-bridge/catkin_ws/install/carla_msgs/lib:${LD_LIBRARY_PATH} PYTHONPATH=/media/yalin/m2/workspace/carla-ros-bridge/catkin_ws/build/carla_ros_scenario_runner/prefix_override:/usr/lib/python3/dist-packages/colcon_core/task/python/colcon_distutils_commands:/media/yalin/m2/workspace/carla-ros-bridge/catkin_ws/install/carla_ros_scenario_runner/lib/python3.10/site-packages:/media/yalin/m2/workspace/carla-ros-bridge/catkin_ws/install/carla_ros_scenario_runner_types/local/lib/python3.10/dist-packages:/media/yalin/m2/workspace/carla-ros-bridge/catkin_ws/install/carla_msgs/local/lib/python3.10/dist-packages:/media/yalin/m2/workspace/carla-ros-bridge/catkin_ws/build/carla_common/src:/media/yalin/m2/workspace/carla-ros-bridge/catkin_ws/install/carla_common/lib/python3.10/site-packages:${PYTHONPATH} /usr/bin/python3 -W ignore:setup.py install is deprecated setup.py develop --editable --build-directory /media/yalin/m2/workspace/carla-ros-bridge/catkin_ws/build/carla_ros_scenario_runner/build --no-deps symlink_data
