[1.620s] Invoking command in '/media/yalin/m2/workspace/carla-ros-bridge/catkin_ws/build/ros_compatibility': PYTHONPATH=/media/yalin/m2/workspace/carla-ros-bridge/catkin_ws/build/ros_compatibility/prefix_override:/usr/lib/python3/dist-packages/colcon_core/task/python/colcon_distutils_commands:/media/yalin/m2/workspace/carla-ros-bridge/catkin_ws/install/ros_compatibility/lib/python3.10/site-packages:${PYTHONPATH} /usr/bin/python3 -W ignore:setup.py install is deprecated setup.py develop --editable --build-directory /media/yalin/m2/workspace/carla-ros-bridge/catkin_ws/build/ros_compatibility/build --no-deps symlink_data
[1.895s] running develop
[1.896s] /usr/lib/python3/dist-packages/setuptools/command/easy_install.py:158: EasyInstallDeprecationWarning: easy_install command is deprecated. Use build and pip and other standards-based tools.
[1.896s]   warnings.warn(
[2.098s] running egg_info
[2.098s] creating src/ros_compatibility.egg-info
[2.098s] writing src/ros_compatibility.egg-info/PKG-INFO
[2.098s] writing dependency_links to src/ros_compatibility.egg-info/dependency_links.txt
[2.099s] writing requirements to src/ros_compatibility.egg-info/requires.txt
[2.099s] writing top-level names to src/ros_compatibility.egg-info/top_level.txt
[2.099s] writing manifest file 'src/ros_compatibility.egg-info/SOURCES.txt'
[2.102s] reading manifest file 'src/ros_compatibility.egg-info/SOURCES.txt'
[2.102s] writing manifest file 'src/ros_compatibility.egg-info/SOURCES.txt'
[2.104s] running build_ext
[2.105s] Creating /media/yalin/m2/workspace/carla-ros-bridge/catkin_ws/install/ros_compatibility/lib/python3.10/site-packages/ros-compatibility.egg-link (link to src)
[2.106s] 
[2.106s] Installed /media/yalin/m2/workspace/carla-ros-bridge/catkin_ws/build/ros_compatibility/src
[2.106s] running symlink_data
[2.106s] creating /media/yalin/m2/workspace/carla-ros-bridge/catkin_ws/install/ros_compatibility/share/ament_index
[2.106s] creating /media/yalin/m2/workspace/carla-ros-bridge/catkin_ws/install/ros_compatibility/share/ament_index/resource_index
[2.106s] creating /media/yalin/m2/workspace/carla-ros-bridge/catkin_ws/install/ros_compatibility/share/ament_index/resource_index/packages
[2.107s] symbolically linking /media/yalin/m2/workspace/carla-ros-bridge/catkin_ws/build/ros_compatibility/resource/ros_compatibility -> /media/yalin/m2/workspace/carla-ros-bridge/catkin_ws/install/ros_compatibility/share/ament_index/resource_index/packages
[2.107s] symbolically linking /media/yalin/m2/workspace/carla-ros-bridge/catkin_ws/build/ros_compatibility/package.xml -> /media/yalin/m2/workspace/carla-ros-bridge/catkin_ws/install/ros_compatibility/share/ros_compatibility
[2.163s] Invoked command in '/media/yalin/m2/workspace/carla-ros-bridge/catkin_ws/build/ros_compatibility' returned '0': PYTHONPATH=/media/yalin/m2/workspace/carla-ros-bridge/catkin_ws/build/ros_compatibility/prefix_override:/usr/lib/python3/dist-packages/colcon_core/task/python/colcon_distutils_commands:/media/yalin/m2/workspace/carla-ros-bridge/catkin_ws/install/ros_compatibility/lib/python3.10/site-packages:${PYTHONPATH} /usr/bin/python3 -W ignore:setup.py install is deprecated setup.py develop --editable --build-directory /media/yalin/m2/workspace/carla-ros-bridge/catkin_ws/build/ros_compatibility/build --no-deps symlink_data
