running develop
/usr/lib/python3/dist-packages/setuptools/command/easy_install.py:158: EasyInstallDeprecationWarning: easy_install command is deprecated. Use build and pip and other standards-based tools.
  warnings.warn(
running egg_info
creating src/carla_waypoint_publisher.egg-info
writing src/carla_waypoint_publisher.egg-info/PKG-INFO
writing dependency_links to src/carla_waypoint_publisher.egg-info/dependency_links.txt
writing entry points to src/carla_waypoint_publisher.egg-info/entry_points.txt
writing requirements to src/carla_waypoint_publisher.egg-info/requires.txt
writing top-level names to src/carla_waypoint_publisher.egg-info/top_level.txt
writing manifest file 'src/carla_waypoint_publisher.egg-info/SOURCES.txt'
reading manifest file 'src/carla_waypoint_publisher.egg-info/SOURCES.txt'
writing manifest file 'src/carla_waypoint_publisher.egg-info/SOURCES.txt'
running build_ext
Creating /media/yalin/m2/workspace/carla-ros-bridge/catkin_ws/install/carla_waypoint_publisher/lib/python3.10/site-packages/carla-waypoint-publisher.egg-link (link to src)
Installing carla_waypoint_publisher script to /media/yalin/m2/workspace/carla-ros-bridge/catkin_ws/install/carla_waypoint_publisher/lib/carla_waypoint_publisher

Installed /media/yalin/m2/workspace/carla-ros-bridge/catkin_ws/build/carla_waypoint_publisher/src
running symlink_data
creating /media/yalin/m2/workspace/carla-ros-bridge/catkin_ws/install/carla_waypoint_publisher/share/ament_index
creating /media/yalin/m2/workspace/carla-ros-bridge/catkin_ws/install/carla_waypoint_publisher/share/ament_index/resource_index
creating /media/yalin/m2/workspace/carla-ros-bridge/catkin_ws/install/carla_waypoint_publisher/share/ament_index/resource_index/packages
symbolically linking /media/yalin/m2/workspace/carla-ros-bridge/catkin_ws/build/carla_waypoint_publisher/resource/carla_waypoint_publisher -> /media/yalin/m2/workspace/carla-ros-bridge/catkin_ws/install/carla_waypoint_publisher/share/ament_index/resource_index/packages
symbolically linking /media/yalin/m2/workspace/carla-ros-bridge/catkin_ws/build/carla_waypoint_publisher/package.xml -> /media/yalin/m2/workspace/carla-ros-bridge/catkin_ws/install/carla_waypoint_publisher/share/carla_waypoint_publisher
symbolically linking /media/yalin/m2/workspace/carla-ros-bridge/catkin_ws/build/carla_waypoint_publisher/launch/carla_waypoint_publisher.launch.py -> /media/yalin/m2/workspace/carla-ros-bridge/catkin_ws/install/carla_waypoint_publisher/share/carla_waypoint_publisher
