running develop
/usr/lib/python3/dist-packages/setuptools/command/easy_install.py:158: EasyInstallDeprecationWarning: easy_install command is deprecated. Use build and pip and other standards-based tools.
  warnings.warn(
running egg_info
creating carla_spawn_objects.egg-info
writing carla_spawn_objects.egg-info/PKG-INFO
writing dependency_links to carla_spawn_objects.egg-info/dependency_links.txt
writing entry points to carla_spawn_objects.egg-info/entry_points.txt
writing requirements to carla_spawn_objects.egg-info/requires.txt
writing top-level names to carla_spawn_objects.egg-info/top_level.txt
writing manifest file 'carla_spawn_objects.egg-info/SOURCES.txt'
reading manifest file 'carla_spawn_objects.egg-info/SOURCES.txt'
writing manifest file 'carla_spawn_objects.egg-info/SOURCES.txt'
running build_ext
Creating /media/yalin/m2/workspace/carla-ros-bridge/catkin_ws/install/carla_spawn_objects/lib/python3.10/site-packages/carla-spawn-objects.egg-link (link to .)
Installing carla_spawn_objects script to /media/yalin/m2/workspace/carla-ros-bridge/catkin_ws/install/carla_spawn_objects/lib/carla_spawn_objects
Installing set_initial_pose script to /media/yalin/m2/workspace/carla-ros-bridge/catkin_ws/install/carla_spawn_objects/lib/carla_spawn_objects

Installed /media/yalin/m2/workspace/carla-ros-bridge/catkin_ws/build/carla_spawn_objects
running symlink_data
creating /media/yalin/m2/workspace/carla-ros-bridge/catkin_ws/install/carla_spawn_objects/share/ament_index
creating /media/yalin/m2/workspace/carla-ros-bridge/catkin_ws/install/carla_spawn_objects/share/ament_index/resource_index
creating /media/yalin/m2/workspace/carla-ros-bridge/catkin_ws/install/carla_spawn_objects/share/ament_index/resource_index/packages
symbolically linking /media/yalin/m2/workspace/carla-ros-bridge/catkin_ws/build/carla_spawn_objects/resource/carla_spawn_objects -> /media/yalin/m2/workspace/carla-ros-bridge/catkin_ws/install/carla_spawn_objects/share/ament_index/resource_index/packages
symbolically linking /media/yalin/m2/workspace/carla-ros-bridge/catkin_ws/build/carla_spawn_objects/package.xml -> /media/yalin/m2/workspace/carla-ros-bridge/catkin_ws/install/carla_spawn_objects/share/carla_spawn_objects
creating /media/yalin/m2/workspace/carla-ros-bridge/catkin_ws/install/carla_spawn_objects/share/carla_spawn_objects/config
symbolically linking /media/yalin/m2/workspace/carla-ros-bridge/catkin_ws/build/carla_spawn_objects/config/objects.json -> /media/yalin/m2/workspace/carla-ros-bridge/catkin_ws/install/carla_spawn_objects/share/carla_spawn_objects/config
symbolically linking /media/yalin/m2/workspace/carla-ros-bridge/catkin_ws/build/carla_spawn_objects/launch/set_initial_pose.launch.py -> /media/yalin/m2/workspace/carla-ros-bridge/catkin_ws/install/carla_spawn_objects/share/carla_spawn_objects
symbolically linking /media/yalin/m2/workspace/carla-ros-bridge/catkin_ws/build/carla_spawn_objects/launch/carla_spawn_objects.launch.py -> /media/yalin/m2/workspace/carla-ros-bridge/catkin_ws/install/carla_spawn_objects/share/carla_spawn_objects
symbolically linking /media/yalin/m2/workspace/carla-ros-bridge/catkin_ws/build/carla_spawn_objects/launch/carla_example_ego_vehicle.launch.py -> /media/yalin/m2/workspace/carla-ros-bridge/catkin_ws/install/carla_spawn_objects/share/carla_spawn_objects
