running develop
/usr/lib/python3/dist-packages/setuptools/command/easy_install.py:158: EasyInstallDeprecationWarning: easy_install command is deprecated. Use build and pip and other standards-based tools.
  warnings.warn(
running egg_info
creating src/carla_ros_bridge.egg-info
writing src/carla_ros_bridge.egg-info/PKG-INFO
writing dependency_links to src/carla_ros_bridge.egg-info/dependency_links.txt
writing entry points to src/carla_ros_bridge.egg-info/entry_points.txt
writing requirements to src/carla_ros_bridge.egg-info/requires.txt
writing top-level names to src/carla_ros_bridge.egg-info/top_level.txt
writing manifest file 'src/carla_ros_bridge.egg-info/SOURCES.txt'
reading manifest file 'src/carla_ros_bridge.egg-info/SOURCES.txt'
writing manifest file 'src/carla_ros_bridge.egg-info/SOURCES.txt'
running build_ext
Creating /media/yalin/m2/workspace/carla-ros-bridge/catkin_ws/install/carla_ros_bridge/lib/python3.10/site-packages/carla-ros-bridge.egg-link (link to src)
Installing bridge script to /media/yalin/m2/workspace/carla-ros-bridge/catkin_ws/install/carla_ros_bridge/lib/carla_ros_bridge

Installed /media/yalin/m2/workspace/carla-ros-bridge/catkin_ws/build/carla_ros_bridge/src
running symlink_data
creating /media/yalin/m2/workspace/carla-ros-bridge/catkin_ws/install/carla_ros_bridge/share/ament_index
creating /media/yalin/m2/workspace/carla-ros-bridge/catkin_ws/install/carla_ros_bridge/share/ament_index/resource_index
creating /media/yalin/m2/workspace/carla-ros-bridge/catkin_ws/install/carla_ros_bridge/share/ament_index/resource_index/packages
symbolically linking /media/yalin/m2/workspace/carla-ros-bridge/catkin_ws/build/carla_ros_bridge/resource/carla_ros_bridge -> /media/yalin/m2/workspace/carla-ros-bridge/catkin_ws/install/carla_ros_bridge/share/ament_index/resource_index/packages
symbolically linking /media/yalin/m2/workspace/carla-ros-bridge/catkin_ws/build/carla_ros_bridge/package.xml -> /media/yalin/m2/workspace/carla-ros-bridge/catkin_ws/install/carla_ros_bridge/share/carla_ros_bridge
symbolically linking /media/yalin/m2/workspace/carla-ros-bridge/catkin_ws/build/carla_ros_bridge/launch/carla_ros_bridge.launch.py -> /media/yalin/m2/workspace/carla-ros-bridge/catkin_ws/install/carla_ros_bridge/share/carla_ros_bridge
symbolically linking /media/yalin/m2/workspace/carla-ros-bridge/catkin_ws/build/carla_ros_bridge/launch/carla_ros_bridge_with_example_ego_vehicle.launch.py -> /media/yalin/m2/workspace/carla-ros-bridge/catkin_ws/install/carla_ros_bridge/share/carla_ros_bridge
creating /media/yalin/m2/workspace/carla-ros-bridge/catkin_ws/install/carla_ros_bridge/share/carla_ros_bridge/test
symbolically linking /media/yalin/m2/workspace/carla-ros-bridge/catkin_ws/build/carla_ros_bridge/test/test_objects.json -> /media/yalin/m2/workspace/carla-ros-bridge/catkin_ws/install/carla_ros_bridge/share/carla_ros_bridge/test
