[0.696s] Invoking command in '/media/yalin/m2/workspace/carla-ros-bridge/catkin_ws/build/carla_ros_bridge': AMENT_PREFIX_PATH=/media/yalin/m2/workspace/carla-ros-bridge/catkin_ws/install/carla_spawn_objects:/media/yalin/m2/workspace/carla-ros-bridge/catkin_ws/install/carla_manual_control:/media/yalin/m2/workspace/carla-ros-bridge/catkin_ws/install/ros_compatibility:/media/yalin/m2/workspace/carla-ros-bridge/catkin_ws/install/carla_msgs:/media/yalin/m2/workspace/carla-ros-bridge/catkin_ws/install/carla_common:${AMENT_PREFIX_PATH} CMAKE_PREFIX_PATH=/media/yalin/m2/workspace/carla-ros-bridge/catkin_ws/install/carla_msgs:${CMAKE_PREFIX_PATH} LD_LIBRARY_PATH=/media/yalin/m2/workspace/carla-ros-bridge/catkin_ws/install/carla_msgs/lib:${LD_LIBRARY_PATH} PYTHONPATH=/media/yalin/m2/workspace/carla-ros-bridge/catkin_ws/build/carla_ros_bridge/prefix_override:/usr/lib/python3/dist-packages/colcon_core/task/python/colcon_distutils_commands:/media/yalin/m2/workspace/carla-ros-bridge/catkin_ws/install/carla_ros_bridge/lib/python3.10/site-packages:/media/yalin/m2/workspace/carla-ros-bridge/catkin_ws/build/carla_spawn_objects:/media/yalin/m2/workspace/carla-ros-bridge/catkin_ws/install/carla_spawn_objects/lib/python3.10/site-packages:/media/yalin/m2/workspace/carla-ros-bridge/catkin_ws/build/carla_manual_control/src:/media/yalin/m2/workspace/carla-ros-bridge/catkin_ws/install/carla_manual_control/lib/python3.10/site-packages:/media/yalin/m2/workspace/carla-ros-bridge/catkin_ws/build/ros_compatibility/src:/media/yalin/m2/workspace/carla-ros-bridge/catkin_ws/install/ros_compatibility/lib/python3.10/site-packages:/media/yalin/m2/workspace/carla-ros-bridge/catkin_ws/install/carla_msgs/local/lib/python3.10/dist-packages:/media/yalin/m2/workspace/carla-ros-bridge/catkin_ws/build/carla_common/src:/media/yalin/m2/workspace/carla-ros-bridge/catkin_ws/install/carla_common/lib/python3.10/site-packages:${PYTHONPATH} /usr/bin/python3 -W ignore:setup.py install is deprecated setup.py develop --editable --build-directory /media/yalin/m2/workspace/carla-ros-bridge/catkin_ws/build/carla_ros_bridge/build --no-deps symlink_data
[1.002s] running develop
[1.003s] /usr/lib/python3/dist-packages/setuptools/command/easy_install.py:158: EasyInstallDeprecationWarning: easy_install command is deprecated. Use build and pip and other standards-based tools.
[1.003s]   warnings.warn(
[1.197s] running egg_info
[1.197s] creating src/carla_ros_bridge.egg-info
[1.197s] writing src/carla_ros_bridge.egg-info/PKG-INFO
[1.197s] writing dependency_links to src/carla_ros_bridge.egg-info/dependency_links.txt
[1.198s] writing entry points to src/carla_ros_bridge.egg-info/entry_points.txt
[1.198s] writing requirements to src/carla_ros_bridge.egg-info/requires.txt
[1.198s] writing top-level names to src/carla_ros_bridge.egg-info/top_level.txt
[1.198s] writing manifest file 'src/carla_ros_bridge.egg-info/SOURCES.txt'
[1.200s] reading manifest file 'src/carla_ros_bridge.egg-info/SOURCES.txt'
[1.201s] writing manifest file 'src/carla_ros_bridge.egg-info/SOURCES.txt'
[1.203s] running build_ext
[1.203s] Creating /media/yalin/m2/workspace/carla-ros-bridge/catkin_ws/install/carla_ros_bridge/lib/python3.10/site-packages/carla-ros-bridge.egg-link (link to src)
[1.204s] Installing bridge script to /media/yalin/m2/workspace/carla-ros-bridge/catkin_ws/install/carla_ros_bridge/lib/carla_ros_bridge
[1.204s] 
[1.205s] Installed /media/yalin/m2/workspace/carla-ros-bridge/catkin_ws/build/carla_ros_bridge/src
[1.205s] running symlink_data
[1.205s] creating /media/yalin/m2/workspace/carla-ros-bridge/catkin_ws/install/carla_ros_bridge/share/ament_index
[1.205s] creating /media/yalin/m2/workspace/carla-ros-bridge/catkin_ws/install/carla_ros_bridge/share/ament_index/resource_index
[1.205s] creating /media/yalin/m2/workspace/carla-ros-bridge/catkin_ws/install/carla_ros_bridge/share/ament_index/resource_index/packages
[1.205s] symbolically linking /media/yalin/m2/workspace/carla-ros-bridge/catkin_ws/build/carla_ros_bridge/resource/carla_ros_bridge -> /media/yalin/m2/workspace/carla-ros-bridge/catkin_ws/install/carla_ros_bridge/share/ament_index/resource_index/packages
[1.205s] symbolically linking /media/yalin/m2/workspace/carla-ros-bridge/catkin_ws/build/carla_ros_bridge/package.xml -> /media/yalin/m2/workspace/carla-ros-bridge/catkin_ws/install/carla_ros_bridge/share/carla_ros_bridge
[1.205s] symbolically linking /media/yalin/m2/workspace/carla-ros-bridge/catkin_ws/build/carla_ros_bridge/launch/carla_ros_bridge.launch.py -> /media/yalin/m2/workspace/carla-ros-bridge/catkin_ws/install/carla_ros_bridge/share/carla_ros_bridge
[1.205s] symbolically linking /media/yalin/m2/workspace/carla-ros-bridge/catkin_ws/build/carla_ros_bridge/launch/carla_ros_bridge_with_example_ego_vehicle.launch.py -> /media/yalin/m2/workspace/carla-ros-bridge/catkin_ws/install/carla_ros_bridge/share/carla_ros_bridge
[1.205s] creating /media/yalin/m2/workspace/carla-ros-bridge/catkin_ws/install/carla_ros_bridge/share/carla_ros_bridge/test
[1.205s] symbolically linking /media/yalin/m2/workspace/carla-ros-bridge/catkin_ws/build/carla_ros_bridge/test/test_objects.json -> /media/yalin/m2/workspace/carla-ros-bridge/catkin_ws/install/carla_ros_bridge/share/carla_ros_bridge/test
[1.241s] Invoked command in '/media/yalin/m2/workspace/carla-ros-bridge/catkin_ws/build/carla_ros_bridge' returned '0': AMENT_PREFIX_PATH=/media/yalin/m2/workspace/carla-ros-bridge/catkin_ws/install/carla_spawn_objects:/media/yalin/m2/workspace/carla-ros-bridge/catkin_ws/install/carla_manual_control:/media/yalin/m2/workspace/carla-ros-bridge/catkin_ws/install/ros_compatibility:/media/yalin/m2/workspace/carla-ros-bridge/catkin_ws/install/carla_msgs:/media/yalin/m2/workspace/carla-ros-bridge/catkin_ws/install/carla_common:${AMENT_PREFIX_PATH} CMAKE_PREFIX_PATH=/media/yalin/m2/workspace/carla-ros-bridge/catkin_ws/install/carla_msgs:${CMAKE_PREFIX_PATH} LD_LIBRARY_PATH=/media/yalin/m2/workspace/carla-ros-bridge/catkin_ws/install/carla_msgs/lib:${LD_LIBRARY_PATH} PYTHONPATH=/media/yalin/m2/workspace/carla-ros-bridge/catkin_ws/build/carla_ros_bridge/prefix_override:/usr/lib/python3/dist-packages/colcon_core/task/python/colcon_distutils_commands:/media/yalin/m2/workspace/carla-ros-bridge/catkin_ws/install/carla_ros_bridge/lib/python3.10/site-packages:/media/yalin/m2/workspace/carla-ros-bridge/catkin_ws/build/carla_spawn_objects:/media/yalin/m2/workspace/carla-ros-bridge/catkin_ws/install/carla_spawn_objects/lib/python3.10/site-packages:/media/yalin/m2/workspace/carla-ros-bridge/catkin_ws/build/carla_manual_control/src:/media/yalin/m2/workspace/carla-ros-bridge/catkin_ws/install/carla_manual_control/lib/python3.10/site-packages:/media/yalin/m2/workspace/carla-ros-bridge/catkin_ws/build/ros_compatibility/src:/media/yalin/m2/workspace/carla-ros-bridge/catkin_ws/install/ros_compatibility/lib/python3.10/site-packages:/media/yalin/m2/workspace/carla-ros-bridge/catkin_ws/install/carla_msgs/local/lib/python3.10/dist-packages:/media/yalin/m2/workspace/carla-ros-bridge/catkin_ws/build/carla_common/src:/media/yalin/m2/workspace/carla-ros-bridge/catkin_ws/install/carla_common/lib/python3.10/site-packages:${PYTHONPATH} /usr/bin/python3 -W ignore:setup.py install is deprecated setup.py develop --editable --build-directory /media/yalin/m2/workspace/carla-ros-bridge/catkin_ws/build/carla_ros_bridge/build --no-deps symlink_data
