[1.603s] Invoking command in '/media/yalin/m2/workspace/carla-ros-bridge/catkin_ws/build/carla_twist_to_control': PYTHONPATH=/media/yalin/m2/workspace/carla-ros-bridge/catkin_ws/build/carla_twist_to_control/prefix_override:/usr/lib/python3/dist-packages/colcon_core/task/python/colcon_distutils_commands:/media/yalin/m2/workspace/carla-ros-bridge/catkin_ws/install/carla_twist_to_control/lib/python3.10/site-packages:${PYTHONPATH} /usr/bin/python3 -W ignore:setup.py install is deprecated setup.py develop --editable --build-directory /media/yalin/m2/workspace/carla-ros-bridge/catkin_ws/build/carla_twist_to_control/build --no-deps symlink_data
[1.881s] running develop
[1.881s] /usr/lib/python3/dist-packages/setuptools/command/easy_install.py:158: EasyInstallDeprecationWarning: easy_install command is deprecated. Use build and pip and other standards-based tools.
[1.881s]   warnings.warn(
[2.070s] running egg_info
[2.070s] creating src/carla_twist_to_control.egg-info
[2.070s] writing src/carla_twist_to_control.egg-info/PKG-INFO
[2.070s] writing dependency_links to src/carla_twist_to_control.egg-info/dependency_links.txt
[2.070s] writing entry points to src/carla_twist_to_control.egg-info/entry_points.txt
[2.070s] writing requirements to src/carla_twist_to_control.egg-info/requires.txt
[2.070s] writing top-level names to src/carla_twist_to_control.egg-info/top_level.txt
[2.071s] writing manifest file 'src/carla_twist_to_control.egg-info/SOURCES.txt'
[2.072s] reading manifest file 'src/carla_twist_to_control.egg-info/SOURCES.txt'
[2.073s] writing manifest file 'src/carla_twist_to_control.egg-info/SOURCES.txt'
[2.074s] running build_ext
[2.074s] Creating /media/yalin/m2/workspace/carla-ros-bridge/catkin_ws/install/carla_twist_to_control/lib/python3.10/site-packages/carla-twist-to-control.egg-link (link to src)
[2.075s] Installing carla_twist_to_control script to /media/yalin/m2/workspace/carla-ros-bridge/catkin_ws/install/carla_twist_to_control/lib/carla_twist_to_control
[2.075s] 
[2.075s] Installed /media/yalin/m2/workspace/carla-ros-bridge/catkin_ws/build/carla_twist_to_control/src
[2.075s] running symlink_data
[2.075s] creating /media/yalin/m2/workspace/carla-ros-bridge/catkin_ws/install/carla_twist_to_control/share/ament_index
[2.075s] creating /media/yalin/m2/workspace/carla-ros-bridge/catkin_ws/install/carla_twist_to_control/share/ament_index/resource_index
[2.075s] creating /media/yalin/m2/workspace/carla-ros-bridge/catkin_ws/install/carla_twist_to_control/share/ament_index/resource_index/packages
[2.076s] symbolically linking /media/yalin/m2/workspace/carla-ros-bridge/catkin_ws/build/carla_twist_to_control/resource/carla_twist_to_control -> /media/yalin/m2/workspace/carla-ros-bridge/catkin_ws/install/carla_twist_to_control/share/ament_index/resource_index/packages
[2.076s] symbolically linking /media/yalin/m2/workspace/carla-ros-bridge/catkin_ws/build/carla_twist_to_control/package.xml -> /media/yalin/m2/workspace/carla-ros-bridge/catkin_ws/install/carla_twist_to_control/share/carla_twist_to_control
[2.076s] symbolically linking /media/yalin/m2/workspace/carla-ros-bridge/catkin_ws/build/carla_twist_to_control/launch/carla_twist_to_control.launch.py -> /media/yalin/m2/workspace/carla-ros-bridge/catkin_ws/install/carla_twist_to_control/share/carla_twist_to_control
[2.118s] Invoked command in '/media/yalin/m2/workspace/carla-ros-bridge/catkin_ws/build/carla_twist_to_control' returned '0': PYTHONPATH=/media/yalin/m2/workspace/carla-ros-bridge/catkin_ws/build/carla_twist_to_control/prefix_override:/usr/lib/python3/dist-packages/colcon_core/task/python/colcon_distutils_commands:/media/yalin/m2/workspace/carla-ros-bridge/catkin_ws/install/carla_twist_to_control/lib/python3.10/site-packages:${PYTHONPATH} /usr/bin/python3 -W ignore:setup.py install is deprecated setup.py develop --editable --build-directory /media/yalin/m2/workspace/carla-ros-bridge/catkin_ws/build/carla_twist_to_control/build --no-deps symlink_data
