running develop
/usr/lib/python3/dist-packages/setuptools/command/easy_install.py:158: EasyInstallDeprecationWarning: easy_install command is deprecated. Use build and pip and other standards-based tools.
  warnings.warn(
running egg_info
creating src/rqt_carla_control.egg-info
writing src/rqt_carla_control.egg-info/PKG-INFO
writing dependency_links to src/rqt_carla_control.egg-info/dependency_links.txt
writing requirements to src/rqt_carla_control.egg-info/requires.txt
writing top-level names to src/rqt_carla_control.egg-info/top_level.txt
writing manifest file 'src/rqt_carla_control.egg-info/SOURCES.txt'
reading manifest file 'src/rqt_carla_control.egg-info/SOURCES.txt'
writing manifest file 'src/rqt_carla_control.egg-info/SOURCES.txt'
running build_ext
Creating /media/yalin/m2/workspace/carla-ros-bridge/catkin_ws/install/rqt_carla_control/lib/python3.10/site-packages/rqt-carla-control.egg-link (link to src)
Installing rqt_carla_control script to /media/yalin/m2/workspace/carla-ros-bridge/catkin_ws/install/rqt_carla_control/lib/rqt_carla_control

Installed /media/yalin/m2/workspace/carla-ros-bridge/catkin_ws/build/rqt_carla_control/src
running symlink_data
creating /media/yalin/m2/workspace/carla-ros-bridge/catkin_ws/install/rqt_carla_control/share/ament_index
creating /media/yalin/m2/workspace/carla-ros-bridge/catkin_ws/install/rqt_carla_control/share/ament_index/resource_index
creating /media/yalin/m2/workspace/carla-ros-bridge/catkin_ws/install/rqt_carla_control/share/ament_index/resource_index/packages
symbolically linking /media/yalin/m2/workspace/carla-ros-bridge/catkin_ws/build/rqt_carla_control/resource/rqt_carla_control -> /media/yalin/m2/workspace/carla-ros-bridge/catkin_ws/install/rqt_carla_control/share/ament_index/resource_index/packages
symbolically linking /media/yalin/m2/workspace/carla-ros-bridge/catkin_ws/build/rqt_carla_control/package.xml -> /media/yalin/m2/workspace/carla-ros-bridge/catkin_ws/install/rqt_carla_control/share/rqt_carla_control
symbolically linking /media/yalin/m2/workspace/carla-ros-bridge/catkin_ws/build/rqt_carla_control/plugin.xml -> /media/yalin/m2/workspace/carla-ros-bridge/catkin_ws/install/rqt_carla_control/share/rqt_carla_control
creating /media/yalin/m2/workspace/carla-ros-bridge/catkin_ws/install/rqt_carla_control/share/rqt_carla_control/resource
symbolically linking /media/yalin/m2/workspace/carla-ros-bridge/catkin_ws/build/rqt_carla_control/resource/CarlaControl.ui -> /media/yalin/m2/workspace/carla-ros-bridge/catkin_ws/install/rqt_carla_control/share/rqt_carla_control/resource
symbolically linking /media/yalin/m2/workspace/carla-ros-bridge/catkin_ws/build/rqt_carla_control/resource/pause.png -> /media/yalin/m2/workspace/carla-ros-bridge/catkin_ws/install/rqt_carla_control/share/rqt_carla_control/resource
symbolically linking /media/yalin/m2/workspace/carla-ros-bridge/catkin_ws/build/rqt_carla_control/resource/play.png -> /media/yalin/m2/workspace/carla-ros-bridge/catkin_ws/install/rqt_carla_control/share/rqt_carla_control/resource
symbolically linking /media/yalin/m2/workspace/carla-ros-bridge/catkin_ws/build/rqt_carla_control/resource/step_once.png -> /media/yalin/m2/workspace/carla-ros-bridge/catkin_ws/install/rqt_carla_control/share/rqt_carla_control/resource
