[1.605s] Invoking command in '/media/yalin/m2/workspace/carla-ros-bridge/catkin_ws/build/rqt_carla_control': PYTHONPATH=/media/yalin/m2/workspace/carla-ros-bridge/catkin_ws/build/rqt_carla_control/prefix_override:/usr/lib/python3/dist-packages/colcon_core/task/python/colcon_distutils_commands:/media/yalin/m2/workspace/carla-ros-bridge/catkin_ws/install/rqt_carla_control/lib/python3.10/site-packages:${PYTHONPATH} /usr/bin/python3 -W ignore:setup.py install is deprecated setup.py develop --editable --build-directory /media/yalin/m2/workspace/carla-ros-bridge/catkin_ws/build/rqt_carla_control/build --no-deps symlink_data
[1.902s] running develop
[1.902s] /usr/lib/python3/dist-packages/setuptools/command/easy_install.py:158: EasyInstallDeprecationWarning: easy_install command is deprecated. Use build and pip and other standards-based tools.
[1.902s]   warnings.warn(
[2.095s] running egg_info
[2.095s] creating src/rqt_carla_control.egg-info
[2.095s] writing src/rqt_carla_control.egg-info/PKG-INFO
[2.095s] writing dependency_links to src/rqt_carla_control.egg-info/dependency_links.txt
[2.095s] writing requirements to src/rqt_carla_control.egg-info/requires.txt
[2.096s] writing top-level names to src/rqt_carla_control.egg-info/top_level.txt
[2.096s] writing manifest file 'src/rqt_carla_control.egg-info/SOURCES.txt'
[2.098s] reading manifest file 'src/rqt_carla_control.egg-info/SOURCES.txt'
[2.098s] writing manifest file 'src/rqt_carla_control.egg-info/SOURCES.txt'
[2.100s] running build_ext
[2.100s] Creating /media/yalin/m2/workspace/carla-ros-bridge/catkin_ws/install/rqt_carla_control/lib/python3.10/site-packages/rqt-carla-control.egg-link (link to src)
[2.102s] Installing rqt_carla_control script to /media/yalin/m2/workspace/carla-ros-bridge/catkin_ws/install/rqt_carla_control/lib/rqt_carla_control
[2.102s] 
[2.102s] Installed /media/yalin/m2/workspace/carla-ros-bridge/catkin_ws/build/rqt_carla_control/src
[2.102s] running symlink_data
[2.102s] creating /media/yalin/m2/workspace/carla-ros-bridge/catkin_ws/install/rqt_carla_control/share/ament_index
[2.102s] creating /media/yalin/m2/workspace/carla-ros-bridge/catkin_ws/install/rqt_carla_control/share/ament_index/resource_index
[2.103s] creating /media/yalin/m2/workspace/carla-ros-bridge/catkin_ws/install/rqt_carla_control/share/ament_index/resource_index/packages
[2.103s] symbolically linking /media/yalin/m2/workspace/carla-ros-bridge/catkin_ws/build/rqt_carla_control/resource/rqt_carla_control -> /media/yalin/m2/workspace/carla-ros-bridge/catkin_ws/install/rqt_carla_control/share/ament_index/resource_index/packages
[2.103s] symbolically linking /media/yalin/m2/workspace/carla-ros-bridge/catkin_ws/build/rqt_carla_control/package.xml -> /media/yalin/m2/workspace/carla-ros-bridge/catkin_ws/install/rqt_carla_control/share/rqt_carla_control
[2.103s] symbolically linking /media/yalin/m2/workspace/carla-ros-bridge/catkin_ws/build/rqt_carla_control/plugin.xml -> /media/yalin/m2/workspace/carla-ros-bridge/catkin_ws/install/rqt_carla_control/share/rqt_carla_control
[2.103s] creating /media/yalin/m2/workspace/carla-ros-bridge/catkin_ws/install/rqt_carla_control/share/rqt_carla_control/resource
[2.103s] symbolically linking /media/yalin/m2/workspace/carla-ros-bridge/catkin_ws/build/rqt_carla_control/resource/CarlaControl.ui -> /media/yalin/m2/workspace/carla-ros-bridge/catkin_ws/install/rqt_carla_control/share/rqt_carla_control/resource
[2.103s] symbolically linking /media/yalin/m2/workspace/carla-ros-bridge/catkin_ws/build/rqt_carla_control/resource/pause.png -> /media/yalin/m2/workspace/carla-ros-bridge/catkin_ws/install/rqt_carla_control/share/rqt_carla_control/resource
[2.103s] symbolically linking /media/yalin/m2/workspace/carla-ros-bridge/catkin_ws/build/rqt_carla_control/resource/play.png -> /media/yalin/m2/workspace/carla-ros-bridge/catkin_ws/install/rqt_carla_control/share/rqt_carla_control/resource
[2.103s] symbolically linking /media/yalin/m2/workspace/carla-ros-bridge/catkin_ws/build/rqt_carla_control/resource/step_once.png -> /media/yalin/m2/workspace/carla-ros-bridge/catkin_ws/install/rqt_carla_control/share/rqt_carla_control/resource
[2.148s] Invoked command in '/media/yalin/m2/workspace/carla-ros-bridge/catkin_ws/build/rqt_carla_control' returned '0': PYTHONPATH=/media/yalin/m2/workspace/carla-ros-bridge/catkin_ws/build/rqt_carla_control/prefix_override:/usr/lib/python3/dist-packages/colcon_core/task/python/colcon_distutils_commands:/media/yalin/m2/workspace/carla-ros-bridge/catkin_ws/install/rqt_carla_control/lib/python3.10/site-packages:${PYTHONPATH} /usr/bin/python3 -W ignore:setup.py install is deprecated setup.py develop --editable --build-directory /media/yalin/m2/workspace/carla-ros-bridge/catkin_ws/build/rqt_carla_control/build --no-deps symlink_data
